#
# A fatal error has been detected by the Java Runtime Environment:
#
#  SIGSEGV (0xb) at pc=0x00007fff999ff057, pid=2468, tid=0x0000000000018503
#
# JRE version: Java(TM) SE Runtime Environment (8.0_121-b13) (build 1.8.0_121-b13)
# Java VM: Java HotSpot(TM) 64-Bit Server VM (25.121-b13 mixed mode bsd-amd64 compressed oops)
# Problematic frame:
# C  [libobjc.A.dylib+0x7057]  objc_msgSend+0x17
#
# Failed to write core dump. Core dumps have been disabled. To enable core dumping, try "ulimit -c unlimited" before starting Java again
#
# If you would like to submit a bug report, please visit:
#   http://bugreport.java.com/bugreport/crash.jsp
# The crash happened outside the Java Virtual Machine in native code.
# See problematic frame for where to report the bug.
#

---------------  T H R E A D  ---------------

Current thread (0x00007f7f604f1000):  JavaThread "pool-2-thread-1" [_thread_in_native, id=99587, stack(0x00007000077bf000,0x00007000078bf000)]

siginfo: si_signo: 11 (SIGSEGV), si_code: 0 (unknown), si_addr: 0x0000000000000000

Registers:
RAX=0x0000000000000000, RBX=0x00007f7f63d3ad30, RCX=0x0000000000000000, RDX=0x00000000fffc0000
RSP=0x00007000078be328, RBP=0x00007000078be350, RSI=0x00007fff83288557, RDI=0x200007f7f63d7b6a
R8 =0x0000000000000000, R9 =0x00007f7f63d3af00, R10=0x00007ffffffffff8, R11=0x00007f7f63d3af04
R12=0x0000000000000010, R13=0x0000000132c47678, R14=0x0000000000000000, R15=0x0000000000000008
RIP=0x00007fff999ff057, EFLAGS=0x0000000000010246, ERR=0x0000000000000000
  TRAPNO=0x000000000000000d

Top of Stack: (sp=0x00007000078be328)
0x00007000078be328:   000000012bacd203 00007fff999ff040
0x00007000078be338:   0000000000000000 00007f7f5d52d6a0
0x00007000078be348:   00007f7f5d4eba50 00007000078be380
0x00007000078be358:   000000012bacc77b 00000001306d55d0
0x00007000078be368:   00007f7f5d7e9690 00007000078be3f0
0x00007000078be378:   00007f7f604f1000 00007000078be3b0
0x00007000078be388:   000000012babba6e 0000000000000000
0x00007000078be398:   0000000000000000 0000700000000000
0x00007000078be3a8:   00007f7f5d7e9690 00007000078be3e0
0x00007000078be3b8:   000000012babbe9a 0000000000000000
0x00007000078be3c8:   0000000100000000 00007f7f604f11f8
0x00007000078be3d8:   00007000078be4c8 00007000078be420
0x00007000078be3e8:   000000012b1ee2c1 0000000102010000
0x00007000078be3f8:   00007f7f63d76240 0000000000000000
0x00007000078be408:   00007000078be4c8 0000000132c47678
0x00007000078be418:   00007000078be4c8 00007000078be490
0x00007000078be428:   000000010f12d9f4 00007000078be490
0x00007000078be438:   000000010f12d779 000000010f1399a3
0x00007000078be448:   000000010f12d742 00007000078be450
0x00007000078be458:   0000000132c47678 00007000078be4c8
0x00007000078be468:   0000000132c47a70 0000000000000000
0x00007000078be478:   0000000132c47678 0000000000000000
0x00007000078be488:   00007000078be4b0 00007000078be510
0x00007000078be498:   000000010f11da90 000000076c3d8b38
0x00007000078be4a8:   000000010f127520 00007f7f63d76240
0x00007000078be4b8:   000000076e6e8500 00007f7f5d7e9690
0x00007000078be4c8:   000000076c3d8bb0 00007000078be4d0
0x00007000078be4d8:   0000000132c46b50 00007000078be530
0x00007000078be4e8:   0000000132c47a70 0000000000000000
0x00007000078be4f8:   0000000132c46b88 00007000078be4b0
0x00007000078be508:   00007000078be528 00007000078be578
0x00007000078be518:   000000010f11da90 0000000000000000 

Instructions: (pc=0x00007fff999ff057)
0x00007fff999ff037:   84 00 00 00 00 00 0f 1f 00 48 85 ff 2e 74 62 40
0x00007fff999ff047:   f6 c7 01 2e 75 66 49 ba f8 ff ff ff ff 7f 00 00
0x00007fff999ff057:   4c 23 17 49 89 f3 45 23 5a 18 49 c1 e3 04 4d 03
0x00007fff999ff067:   5a 10 49 3b 33 75 04 41 ff 63 08 49 83 3b 01 76 

Register to memory mapping:

RAX=0x0000000000000000 is an unknown value
RBX=0x00007f7f63d3ad30 is an unknown value
RCX=0x0000000000000000 is an unknown value
RDX=0x00000000fffc0000 is an unknown value
RSP=0x00007000078be328 is pointing into the stack for thread: 0x00007f7f604f1000
RBP=0x00007000078be350 is pointing into the stack for thread: 0x00007f7f604f1000
RSI=0x00007fff83288557: __NSStyleNameIndexTable+0x7d19f in /System/Library/Frameworks/AppKit.framework/Versions/C/AppKit at 0x00007fff8261e000
RDI=0x200007f7f63d7b6a is an unknown value
R8 =0x0000000000000000 is an unknown value
R9 =0x00007f7f63d3af00 is an unknown value
R10=0x00007ffffffffff8 is an unknown value
R11=0x00007f7f63d3af04 is an unknown value
R12=0x0000000000000010 is an unknown value
R13={method} {0x0000000132c47678} 'read_0' '(JJ)Z' in 'org/opencv/videoio/VideoCapture'
R14=0x0000000000000000 is an unknown value
R15=0x0000000000000008 is an unknown value


Stack: [0x00007000077bf000,0x00007000078bf000],  sp=0x00007000078be328,  free space=1020k
Native frames: (J=compiled Java code, j=interpreted, Vv=VM code, C=native code)
C  [libobjc.A.dylib+0x7057]  objc_msgSend+0x17
C  [libopencv_java330.dylib+0x95d77b]  CvCaptureCAM::grabFrame()+0x5b
C  [libopencv_java330.dylib+0x94ca6e]  cv::VideoCapture::grab()+0x3e
C  [libopencv_java330.dylib+0x94ce9a]  cv::VideoCapture::read(cv::_OutputArray const&)+0x2a
C  [libopencv_java330.dylib+0x7f2c1]  Java_org_opencv_videoio_VideoCapture_read_10+0x31
j  org.opencv.videoio.VideoCapture.read_0(JJ)Z+0
j  org.opencv.videoio.VideoCapture.read(Lorg/opencv/core/Mat;)Z+8
j  teamproj.controller.RecoController.grabFrame()Lorg/opencv/core/Mat;+23
j  teamproj.controller.RecoController.access$000(Lteamproj/controller/RecoController;)Lorg/opencv/core/Mat;+1
j  teamproj.controller.RecoController$1.run()V+4
j  java.util.concurrent.Executors$RunnableAdapter.call()Ljava/lang/Object;+4
j  java.util.concurrent.FutureTask.runAndReset()Z+47
j  java.util.concurrent.ScheduledThreadPoolExecutor$ScheduledFutureTask.access$301(Ljava/util/concurrent/ScheduledThreadPoolExecutor$ScheduledFutureTask;)Z+1
j  java.util.concurrent.ScheduledThreadPoolExecutor$ScheduledFutureTask.run()V+37
j  java.util.concurrent.ThreadPoolExecutor.runWorker(Ljava/util/concurrent/ThreadPoolExecutor$Worker;)V+95
j  java.util.concurrent.ThreadPoolExecutor$Worker.run()V+5
j  java.lang.Thread.run()V+11
v  ~StubRoutines::call_stub
V  [libjvm.dylib+0x2ed9d6]  JavaCalls::call_helper(JavaValue*, methodHandle*, JavaCallArguments*, Thread*)+0x6ae
V  [libjvm.dylib+0x2ee164]  JavaCalls::call_virtual(JavaValue*, KlassHandle, Symbol*, Symbol*, JavaCallArguments*, Thread*)+0x164
V  [libjvm.dylib+0x2ee310]  JavaCalls::call_virtual(JavaValue*, Handle, KlassHandle, Symbol*, Symbol*, Thread*)+0x4a
V  [libjvm.dylib+0x348a5d]  thread_entry(JavaThread*, Thread*)+0x7c
V  [libjvm.dylib+0x56ab0f]  JavaThread::thread_main_inner()+0x9b
V  [libjvm.dylib+0x56c1fc]  JavaThread::run()+0x1c2
V  [libjvm.dylib+0x48a5b2]  java_start(Thread*)+0xf6
C  [libsystem_pthread.dylib+0x393b]  _pthread_body+0xb4
C  [libsystem_pthread.dylib+0x3887]  _pthread_body+0x0
C  [libsystem_pthread.dylib+0x308d]  thread_start+0xd
C  0x0000000000000000

Java frames: (J=compiled Java code, j=interpreted, Vv=VM code)
j  org.opencv.videoio.VideoCapture.read_0(JJ)Z+0
j  org.opencv.videoio.VideoCapture.read(Lorg/opencv/core/Mat;)Z+8
j  teamproj.controller.RecoController.grabFrame()Lorg/opencv/core/Mat;+23
j  teamproj.controller.RecoController.access$000(Lteamproj/controller/RecoController;)Lorg/opencv/core/Mat;+1
j  teamproj.controller.RecoController$1.run()V+4
j  java.util.concurrent.Executors$RunnableAdapter.call()Ljava/lang/Object;+4
j  java.util.concurrent.FutureTask.runAndReset()Z+47
j  java.util.concurrent.ScheduledThreadPoolExecutor$ScheduledFutureTask.access$301(Ljava/util/concurrent/ScheduledThreadPoolExecutor$ScheduledFutureTask;)Z+1
j  java.util.concurrent.ScheduledThreadPoolExecutor$ScheduledFutureTask.run()V+37
j  java.util.concurrent.ThreadPoolExecutor.runWorker(Ljava/util/concurrent/ThreadPoolExecutor$Worker;)V+95
j  java.util.concurrent.ThreadPoolExecutor$Worker.run()V+5
j  java.lang.Thread.run()V+11
v  ~StubRoutines::call_stub

---------------  P R O C E S S  ---------------

Java Threads: ( => current thread )
=>0x00007f7f604f1000 JavaThread "pool-2-thread-1" [_thread_in_native, id=99587, stack(0x00007000077bf000,0x00007000078bf000)]
  0x00007f7f60279800 JavaThread "Abandoned connection cleanup thread" daemon [_thread_blocked, id=84671, stack(0x0000700007533000,0x0000700007633000)]
  0x00007f7f5e933800 JavaThread "Prism Font Disposer" daemon [_thread_blocked, id=59375, stack(0x00007000071a1000,0x00007000072a1000)]
  0x00007f7f5e94e800 JavaThread "JavaFX-Launcher" [_thread_blocked, id=57603, stack(0x000070000709e000,0x000070000719e000)]
  0x00007f7f5e10b000 JavaThread "Thread-3" daemon [_thread_in_native, id=41475, stack(0x0000700006f98000,0x0000700007018000)]
  0x00007f7f60237800 JavaThread "JavaFX Application Thread" [_thread_in_native, id=775, stack(0x00007fff5795f000,0x00007fff5815f000)]
  0x00007f7f60237000 JavaThread "Thread-1" daemon [_thread_blocked, id=28931, stack(0x0000700006e95000,0x0000700006f95000)]
  0x00007f7f5e05d800 JavaThread "QuantumRenderer-0" daemon [_thread_blocked, id=22275, stack(0x0000700006d92000,0x0000700006e92000)]
  0x00007f7f60050000 JavaThread "Service Thread" daemon [_thread_blocked, id=21251, stack(0x0000700006b8c000,0x0000700006c8c000)]
  0x00007f7f5e813000 JavaThread "C1 CompilerThread3" daemon [_thread_blocked, id=20739, stack(0x0000700006a89000,0x0000700006b89000)]
  0x00007f7f6004f800 JavaThread "C2 CompilerThread2" daemon [_thread_blocked, id=20227, stack(0x0000700006986000,0x0000700006a86000)]
  0x00007f7f5d832800 JavaThread "C2 CompilerThread1" daemon [_thread_blocked, id=19715, stack(0x0000700006883000,0x0000700006983000)]
  0x00007f7f5e013800 JavaThread "C2 CompilerThread0" daemon [_thread_blocked, id=19203, stack(0x0000700006780000,0x0000700006880000)]
  0x00007f7f5e012800 JavaThread "Signal Dispatcher" daemon [_thread_blocked, id=18691, stack(0x000070000667d000,0x000070000677d000)]
  0x00007f7f5d826000 JavaThread "Finalizer" daemon [_thread_blocked, id=14339, stack(0x00007000064f7000,0x00007000065f7000)]
  0x00007f7f5d823000 JavaThread "Reference Handler" daemon [_thread_blocked, id=13827, stack(0x00007000063f4000,0x00007000064f4000)]
  0x00007f7f5d801800 JavaThread "main" [_thread_blocked, id=6915, stack(0x00007000059d6000,0x0000700005ad6000)]

Other Threads:
  0x00007f7f5d820800 VMThread [stack: 0x00007000062f1000,0x00007000063f1000] [id=13315]
  0x00007f7f61806000 WatcherThread [stack: 0x0000700006c8f000,0x0000700006d8f000] [id=21763]

VM state:not at safepoint (normal execution)

VM Mutex/Monitor currently owned by a thread: None

Heap:
 PSYoungGen      total 76288K, used 62655K [0x000000076ab00000, 0x0000000770000000, 0x00000007c0000000)
  eden space 65536K, 95% used [0x000000076ab00000,0x000000076e82ffe0,0x000000076eb00000)
  from space 10752K, 0% used [0x000000076f580000,0x000000076f580000,0x0000000770000000)
  to   space 10752K, 0% used [0x000000076eb00000,0x000000076eb00000,0x000000076f580000)
 ParOldGen       total 175104K, used 0K [0x00000006c0000000, 0x00000006cab00000, 0x000000076ab00000)
  object space 175104K, 0% used [0x00000006c0000000,0x00000006c0000000,0x00000006cab00000)
 Metaspace       used 19625K, capacity 20432K, committed 20608K, reserved 1067008K
  class space    used 2676K, capacity 2907K, committed 2944K, reserved 1048576K

Card table byte_map: [0x0000000109f62000,0x000000010a763000] byte_map_base: 0x0000000106962000

Marking Bits: (ParMarkBitMap*) 0x00000001094f0d30
 Begin Bits: [0x000000011e116000, 0x0000000122116000)
 End Bits:   [0x0000000122116000, 0x0000000126116000)

Polling page: 0x0000000107ba7000

CodeCache: size=245760Kb used=6945Kb max_used=6945Kb free=238814Kb
 bounds [0x000000010f116000, 0x000000010f7e6000, 0x000000011e116000]
 total_blobs=3053 nmethods=2273 adapters=693
 compilation: enabled

Compilation events (10 events):
Event: 18.619 Thread 0x00007f7f5e813000 2270       3       com.sun.prism.es2.ES2Texture::updateFilterState (86 bytes)
Event: 18.620 Thread 0x00007f7f5e813000 nmethod 2270 0x000000010f7dcbd0 code [0x000000010f7dce00, 0x000000010f7dde38]
Event: 18.620 Thread 0x00007f7f5e813000 2269       3       com.sun.javafx.sg.prism.NGNode::getOpaqueRegion (173 bytes)
Event: 18.621 Thread 0x00007f7f5e813000 nmethod 2269 0x000000010f7de950 code [0x000000010f7deba0, 0x000000010f7dfb68]
Event: 18.621 Thread 0x00007f7f5e813000 2271       3       com.sun.prism.es2.GLContext::bindFBO (81 bytes)
Event: 18.621 Thread 0x00007f7f5e813000 nmethod 2271 0x000000010f7dff50 code [0x000000010f7e00e0, 0x000000010f7e0388]
Event: 18.625 Thread 0x00007f7f5e813000 2273       3       javafx.scene.Scene$TargetWrapper::clear (12 bytes)
Event: 18.625 Thread 0x00007f7f5e813000 nmethod 2273 0x000000010f7e0450 code [0x000000010f7e05c0, 0x000000010f7e07b0]
Event: 18.642 Thread 0x00007f7f5e813000 2274       3       javafx.scene.Scene$MouseHandler::clearPDREventTargets (46 bytes)
Event: 18.642 Thread 0x00007f7f5e813000 nmethod 2274 0x000000010f7e0850 code [0x000000010f7e0a00, 0x000000010f7e0f78]

GC Heap History (0 events):
No events

Deoptimization events (10 events):
Event: 2.107 Thread 0x00007f7f60237800 Uncommon trap: reason=unstable_if action=reinterpret pc=0x000000010f3e8e4c method=java.lang.CharacterDataLatin1.toUpperCase(I)I @ 12
Event: 14.358 Thread 0x00007f7f60279800 Uncommon trap: reason=unstable_if action=reinterpret pc=0x000000010f440ec4 method=java.util.zip.ZipCoder.getBytes(Ljava/lang/String;)[B @ 32
Event: 14.358 Thread 0x00007f7f60279800 Uncommon trap: reason=unstable_if action=reinterpret pc=0x000000010f2f07ec method=java.lang.String.indexOf([CII[CIII)I @ 3
Event: 14.359 Thread 0x00007f7f60237800 Uncommon trap: reason=unstable_if action=reinterpret pc=0x000000010f3e9784 method=java.lang.CharacterDataLatin1.toUpperCase(I)I @ 12
Event: 14.360 Thread 0x00007f7f60237800 Uncommon trap: reason=unstable_if action=reinterpret pc=0x000000010f3d9ac8 method=java.lang.AbstractStringBuilder.append(Ljava/lang/String;)Ljava/lang/AbstractStringBuilder; @ 1
Event: 14.365 Thread 0x00007f7f60237800 Uncommon trap: reason=unstable_if action=reinterpret pc=0x000000010f3dbd90 method=sun.nio.cs.UTF_8$Decoder.decode([BII[C)I @ 30
Event: 14.479 Thread 0x00007f7f60237800 Uncommon trap: reason=predicate action=maybe_recompile pc=0x000000010f3cae2c method=sun.net.www.ParseUtil.encodePath(Ljava/lang/String;Z)Ljava/lang/String; @ 36
Event: 17.842 Thread 0x00007f7f60237800 Uncommon trap: reason=class_check action=maybe_recompile pc=0x000000010f695f34 method=javafx.scene.Node.updateLocalToParentTransform()V @ 11
Event: 18.437 Thread 0x00007f7f60237800 Uncommon trap: reason=class_check action=maybe_recompile pc=0x000000010f695f34 method=javafx.scene.Node.updateLocalToParentTransform()V @ 11
Event: 18.437 Thread 0x00007f7f60237800 Uncommon trap: reason=class_check action=maybe_recompile pc=0x000000010f695f34 method=javafx.scene.Node.updateLocalToParentTransform()V @ 11

Internal exceptions (10 events):
Event: 0.400 Thread 0x00007f7f5d801800 Exception <a 'java/security/PrivilegedActionException'> (0x000000076b709dc0) thrown at [/Users/java_re/workspace/8-2-build-macosx-x86_64/jdk8u121/8372/hotspot/src/share/vm/prims/jvm.cpp, line 1390]
Event: 0.401 Thread 0x00007f7f5d801800 Exception <a 'java/security/PrivilegedActionException'> (0x000000076b70add0) thrown at [/Users/java_re/workspace/8-2-build-macosx-x86_64/jdk8u121/8372/hotspot/src/share/vm/prims/jvm.cpp, line 1390]
Event: 0.401 Thread 0x00007f7f5d801800 Exception <a 'java/security/PrivilegedActionException'> (0x000000076b70afe0) thrown at [/Users/java_re/workspace/8-2-build-macosx-x86_64/jdk8u121/8372/hotspot/src/share/vm/prims/jvm.cpp, line 1390]
Event: 0.460 Thread 0x00007f7f60237800 Exception <a 'java/lang/NullPointerException'> (0x000000076bb3a5e0) thrown at [/Users/java_re/workspace/8-2-build-macosx-x86_64/jdk8u121/8372/hotspot/src/share/vm/interpreter/linkResolver.cpp, line 1178]
Event: 0.460 Thread 0x00007f7f60237800 Exception <a 'java/lang/NullPointerException'> (0x000000076bb3a5e0) thrown at [/Users/java_re/workspace/8-2-build-macosx-x86_64/jdk8u121/8372/hotspot/src/share/vm/prims/jvm.cpp, line 1394]
Event: 0.764 Thread 0x00007f7f60237800 Exception <a 'java/io/FileNotFoundException'> (0x000000076c013ec0) thrown at [/Users/java_re/workspace/8-2-build-macosx-x86_64/jdk8u121/8372/hotspot/src/share/vm/prims/jni.cpp, line 709]
Event: 0.788 Thread 0x00007f7f60237800 Exception <a 'java/io/FileNotFoundException'> (0x000000076c083ef0) thrown at [/Users/java_re/workspace/8-2-build-macosx-x86_64/jdk8u121/8372/hotspot/src/share/vm/prims/jni.cpp, line 709]
Event: 0.843 Thread 0x00007f7f60237800 Implicit null exception at 0x000000010f3729b5 to 0x000000010f372bad
Event: 2.074 Thread 0x00007f7f60237800 Exception <a 'java/io/FileNotFoundException'> (0x000000076d494180) thrown at [/Users/java_re/workspace/8-2-build-macosx-x86_64/jdk8u121/8372/hotspot/src/share/vm/prims/jni.cpp, line 709]
Event: 14.360 Thread 0x00007f7f60237800 Implicit null exception at 0x000000010f3d96f5 to 0x000000010f3d9ab5

Events (10 events):
Event: 17.840 Thread 0x00007f7f604f1000 Thread added: 0x00007f7f604f1000
Event: 17.842 Thread 0x00007f7f60237800 Uncommon trap: trap_request=0xffffffde fr.pc=0x000000010f695f34
Event: 17.842 Thread 0x00007f7f60237800 DEOPT PACKING pc=0x000000010f695f34 sp=0x00007fff58159580
Event: 17.842 Thread 0x00007f7f60237800 DEOPT UNPACKING pc=0x000000010f11b229 sp=0x00007fff58159518 mode 2
Event: 18.437 Thread 0x00007f7f60237800 Uncommon trap: trap_request=0xffffffde fr.pc=0x000000010f695f34
Event: 18.437 Thread 0x00007f7f60237800 DEOPT PACKING pc=0x000000010f695f34 sp=0x00007fff58159580
Event: 18.437 Thread 0x00007f7f60237800 DEOPT UNPACKING pc=0x000000010f11b229 sp=0x00007fff58159518 mode 2
Event: 18.437 Thread 0x00007f7f60237800 Uncommon trap: trap_request=0xffffffde fr.pc=0x000000010f695f34
Event: 18.437 Thread 0x00007f7f60237800 DEOPT PACKING pc=0x000000010f695f34 sp=0x00007fff58159580
Event: 18.438 Thread 0x00007f7f60237800 DEOPT UNPACKING pc=0x000000010f11b229 sp=0x00007fff58159518 mode 2


Dynamic libraries:
0x000000000f76d000 	/System/Library/Frameworks/Cocoa.framework/Versions/A/Cocoa
0x000000000f76d000 	/System/Library/Frameworks/Security.framework/Versions/A/Security
0x000000000f76d000 	/System/Library/Frameworks/ApplicationServices.framework/Versions/A/ApplicationServices
0x000000000f76d000 	/usr/lib/libz.1.dylib
0x000000000f76d000 	/usr/lib/libSystem.B.dylib
0x000000000f76d000 	/usr/lib/libobjc.A.dylib
0x000000000f76d000 	/System/Library/Frameworks/CoreFoundation.framework/Versions/A/CoreFoundation
0x000000000f76d000 	/System/Library/Frameworks/Foundation.framework/Versions/C/Foundation
0x000000000f76d000 	/System/Library/Frameworks/AppKit.framework/Versions/C/AppKit
0x000000000f76d000 	/System/Library/Frameworks/CoreData.framework/Versions/A/CoreData
0x000000000f76d000 	/System/Library/PrivateFrameworks/RemoteViewServices.framework/Versions/A/RemoteViewServices
0x000000000f76d000 	/System/Library/PrivateFrameworks/UIFoundation.framework/Versions/A/UIFoundation
0x000000000f76d000 	/System/Library/PrivateFrameworks/DFRFoundation.framework/Versions/A/DFRFoundation
0x000000000f76d000 	/usr/lib/libenergytrace.dylib
0x000000000f76d000 	/System/Library/PrivateFrameworks/SkyLight.framework/Versions/A/SkyLight
0x000000000f76d000 	/System/Library/Frameworks/CoreGraphics.framework/Versions/A/CoreGraphics
0x000000000f76d000 	/usr/lib/libScreenReader.dylib
0x000000000f76d000 	/System/Library/Frameworks/Accelerate.framework/Versions/A/Accelerate
0x000000000f76d000 	/System/Library/Frameworks/IOSurface.framework/Versions/A/IOSurface
0x000000000f76d000 	/System/Library/Frameworks/AudioToolbox.framework/Versions/A/AudioToolbox
0x000000000f76d000 	/System/Library/Frameworks/AudioUnit.framework/Versions/A/AudioUnit
0x000000000f76d000 	/System/Library/PrivateFrameworks/DataDetectorsCore.framework/Versions/A/DataDetectorsCore
0x000000000f76d000 	/System/Library/PrivateFrameworks/DesktopServicesPriv.framework/Versions/A/DesktopServicesPriv
0x000000000f76d000 	/System/Library/Frameworks/Carbon.framework/Versions/A/Frameworks/HIToolbox.framework/Versions/A/HIToolbox
0x000000000f76d000 	/usr/lib/libicucore.A.dylib
0x000000000f76d000 	/System/Library/Frameworks/QuartzCore.framework/Versions/A/QuartzCore
0x000000000f76d000 	/System/Library/Frameworks/Carbon.framework/Versions/A/Frameworks/SpeechRecognition.framework/Versions/A/SpeechRecognition
0x000000000f76d000 	/usr/lib/libauto.dylib
0x000000000f76d000 	/usr/lib/libxml2.2.dylib
0x000000000f76d000 	/System/Library/PrivateFrameworks/CoreUI.framework/Versions/A/CoreUI
0x000000000f76d000 	/System/Library/Frameworks/CoreAudio.framework/Versions/A/CoreAudio
0x000000000f76d000 	/System/Library/Frameworks/DiskArbitration.framework/Versions/A/DiskArbitration
0x000000000f76d000 	/usr/lib/liblangid.dylib
0x000000000f76d000 	/System/Library/PrivateFrameworks/MultitouchSupport.framework/Versions/A/MultitouchSupport
0x000000000f76d000 	/System/Library/Frameworks/IOKit.framework/Versions/A/IOKit
0x000000000f76d000 	/usr/lib/libDiagnosticMessagesClient.dylib
0x000000000f76d000 	/System/Library/Frameworks/CoreServices.framework/Versions/A/CoreServices
0x000000000f76d000 	/System/Library/PrivateFrameworks/PerformanceAnalysis.framework/Versions/A/PerformanceAnalysis
0x000000000f76d000 	/System/Library/PrivateFrameworks/GenerationalStorage.framework/Versions/A/GenerationalStorage
0x000000000f76d000 	/System/Library/Frameworks/OpenGL.framework/Versions/A/OpenGL
0x000000000f76d000 	/System/Library/Frameworks/CoreImage.framework/Versions/A/CoreImage
0x000000000f76d000 	/System/Library/Frameworks/CoreText.framework/Versions/A/CoreText
0x000000000f76d000 	/System/Library/Frameworks/ImageIO.framework/Versions/A/ImageIO
0x000000000f76d000 	/System/Library/PrivateFrameworks/Backup.framework/Versions/A/Backup
0x000000000f76d000 	/usr/lib/libarchive.2.dylib
0x000000000f76d000 	/System/Library/Frameworks/CFNetwork.framework/Versions/A/CFNetwork
0x000000000f76d000 	/System/Library/Frameworks/SystemConfiguration.framework/Versions/A/SystemConfiguration
0x000000000f76d000 	/usr/lib/libCRFSuite.dylib
0x000000000f76d000 	/usr/lib/libc++.1.dylib
0x000000000f76d000 	/usr/lib/libc++abi.dylib
0x000000000f76d000 	/usr/lib/system/libcache.dylib
0x000000000f76d000 	/usr/lib/system/libcommonCrypto.dylib
0x000000000f76d000 	/usr/lib/system/libcompiler_rt.dylib
0x000000000f76d000 	/usr/lib/system/libcopyfile.dylib
0x000000000f76d000 	/usr/lib/system/libcorecrypto.dylib
0x000000000f76d000 	/usr/lib/system/libdispatch.dylib
0x000000000f76d000 	/usr/lib/system/libdyld.dylib
0x000000000f76d000 	/usr/lib/system/libkeymgr.dylib
0x000000000f76d000 	/usr/lib/system/liblaunch.dylib
0x000000000f76d000 	/usr/lib/system/libmacho.dylib
0x000000000f76d000 	/usr/lib/system/libquarantine.dylib
0x000000000f76d000 	/usr/lib/system/libremovefile.dylib
0x000000000f76d000 	/usr/lib/system/libsystem_asl.dylib
0x000000000f76d000 	/usr/lib/system/libsystem_blocks.dylib
0x000000000f76d000 	/usr/lib/system/libsystem_c.dylib
0x000000000f76d000 	/usr/lib/system/libsystem_configuration.dylib
0x000000000f76d000 	/usr/lib/system/libsystem_coreservices.dylib
0x000000000f76d000 	/usr/lib/system/libsystem_coretls.dylib
0x000000000f76d000 	/usr/lib/system/libsystem_dnssd.dylib
0x000000000f76d000 	/usr/lib/system/libsystem_info.dylib
0x000000000f76d000 	/usr/lib/system/libsystem_kernel.dylib
0x000000000f76d000 	/usr/lib/system/libsystem_m.dylib
0x000000000f76d000 	/usr/lib/system/libsystem_malloc.dylib
0x000000000f76d000 	/usr/lib/system/libsystem_network.dylib
0x000000000f76d000 	/usr/lib/system/libsystem_networkextension.dylib
0x000000000f76d000 	/usr/lib/system/libsystem_notify.dylib
0x000000000f76d000 	/usr/lib/system/libsystem_platform.dylib
0x000000000f76d000 	/usr/lib/system/libsystem_pthread.dylib
0x000000000f76d000 	/usr/lib/system/libsystem_sandbox.dylib
0x000000000f76d000 	/usr/lib/system/libsystem_secinit.dylib
0x000000000f76d000 	/usr/lib/system/libsystem_symptoms.dylib
0x000000000f76d000 	/usr/lib/system/libsystem_trace.dylib
0x000000000f76d000 	/usr/lib/system/libunwind.dylib
0x000000000f76d000 	/usr/lib/system/libxpc.dylib
0x000000000f76d000 	/usr/lib/libbsm.0.dylib
0x000000000f76d000 	/usr/lib/system/libkxld.dylib
0x000000000f76d000 	/usr/lib/libcoretls.dylib
0x000000000f76d000 	/usr/lib/libcoretls_cfhelpers.dylib
0x000000000f76d000 	/usr/lib/libOpenScriptingUtil.dylib
0x000000000f76d000 	/usr/lib/libpam.2.dylib
0x000000000f76d000 	/usr/lib/libsqlite3.dylib
0x000000000f76d000 	/usr/lib/libxar.1.dylib
0x000000000f76d000 	/usr/lib/libbz2.1.0.dylib
0x000000000f76d000 	/usr/lib/liblzma.5.dylib
0x000000000f76d000 	/usr/lib/libnetwork.dylib
0x000000000f76d000 	/usr/lib/libpcap.A.dylib
0x000000000f76d000 	/System/Library/Frameworks/CoreServices.framework/Versions/A/Frameworks/FSEvents.framework/Versions/A/FSEvents
0x000000000f76d000 	/System/Library/Frameworks/CoreServices.framework/Versions/A/Frameworks/CarbonCore.framework/Versions/A/CarbonCore
0x000000000f76d000 	/System/Library/Frameworks/CoreServices.framework/Versions/A/Frameworks/Metadata.framework/Versions/A/Metadata
0x000000000f76d000 	/System/Library/Frameworks/CoreServices.framework/Versions/A/Frameworks/OSServices.framework/Versions/A/OSServices
0x000000000f76d000 	/System/Library/Frameworks/CoreServices.framework/Versions/A/Frameworks/SearchKit.framework/Versions/A/SearchKit
0x000000000f76d000 	/System/Library/Frameworks/CoreServices.framework/Versions/A/Frameworks/AE.framework/Versions/A/AE
0x000000000f76d000 	/System/Library/Frameworks/CoreServices.framework/Versions/A/Frameworks/LaunchServices.framework/Versions/A/LaunchServices
0x000000000f76d000 	/System/Library/Frameworks/CoreServices.framework/Versions/A/Frameworks/DictionaryServices.framework/Versions/A/DictionaryServices
0x000000000f76d000 	/System/Library/Frameworks/CoreServices.framework/Versions/A/Frameworks/SharedFileList.framework/Versions/A/SharedFileList
0x000000000f76d000 	/System/Library/Frameworks/NetFS.framework/Versions/A/NetFS
0x000000000f76d000 	/System/Library/PrivateFrameworks/NetAuth.framework/Versions/A/NetAuth
0x000000000f76d000 	/System/Library/PrivateFrameworks/login.framework/Versions/A/Frameworks/loginsupport.framework/Versions/A/loginsupport
0x000000000f76d000 	/System/Library/PrivateFrameworks/TCC.framework/Versions/A/TCC
0x000000000f76d000 	/usr/lib/libmecabra.dylib
0x000000000f76d000 	/System/Library/Frameworks/ApplicationServices.framework/Versions/A/Frameworks/ATS.framework/Versions/A/ATS
0x000000000f76d000 	/System/Library/Frameworks/ApplicationServices.framework/Versions/A/Frameworks/ColorSync.framework/Versions/A/ColorSync
0x000000000f76d000 	/System/Library/Frameworks/ApplicationServices.framework/Versions/A/Frameworks/HIServices.framework/Versions/A/HIServices
0x000000000f76d000 	/System/Library/Frameworks/ApplicationServices.framework/Versions/A/Frameworks/LangAnalysis.framework/Versions/A/LangAnalysis
0x000000000f76d000 	/System/Library/Frameworks/ApplicationServices.framework/Versions/A/Frameworks/PrintCore.framework/Versions/A/PrintCore
0x000000000f76d000 	/System/Library/Frameworks/ApplicationServices.framework/Versions/A/Frameworks/QD.framework/Versions/A/QD
0x000000000f76d000 	/System/Library/Frameworks/ApplicationServices.framework/Versions/A/Frameworks/SpeechSynthesis.framework/Versions/A/SpeechSynthesis
0x000000000f76d000 	/System/Library/Frameworks/Accelerate.framework/Versions/A/Frameworks/vImage.framework/Versions/A/vImage
0x000000000f76d000 	/System/Library/Frameworks/Accelerate.framework/Versions/A/Frameworks/vecLib.framework/Versions/A/vecLib
0x000000000f76d000 	/System/Library/Frameworks/Accelerate.framework/Versions/A/Frameworks/vecLib.framework/Versions/A/libvDSP.dylib
0x000000000f76d000 	/System/Library/Frameworks/Accelerate.framework/Versions/A/Frameworks/vecLib.framework/Versions/A/libBNNS.dylib
0x000000000f76d000 	/System/Library/Frameworks/Accelerate.framework/Versions/A/Frameworks/vecLib.framework/Versions/A/libQuadrature.dylib
0x000000000f76d000 	/System/Library/Frameworks/Accelerate.framework/Versions/A/Frameworks/vecLib.framework/Versions/A/libvMisc.dylib
0x000000000f76d000 	/System/Library/Frameworks/Accelerate.framework/Versions/A/Frameworks/vecLib.framework/Versions/A/libLAPACK.dylib
0x000000000f76d000 	/System/Library/Frameworks/Accelerate.framework/Versions/A/Frameworks/vecLib.framework/Versions/A/libBLAS.dylib
0x000000000f76d000 	/System/Library/Frameworks/Accelerate.framework/Versions/A/Frameworks/vecLib.framework/Versions/A/libLinearAlgebra.dylib
0x000000000f76d000 	/System/Library/Frameworks/Accelerate.framework/Versions/A/Frameworks/vecLib.framework/Versions/A/libSparseBLAS.dylib
0x000000000f76d000 	/System/Library/Frameworks/ApplicationServices.framework/Versions/A/Frameworks/ATS.framework/Versions/A/Resources/libFontParser.dylib
0x000000000f76d000 	/System/Library/Frameworks/ApplicationServices.framework/Versions/A/Frameworks/ATS.framework/Versions/A/Resources/libFontRegistry.dylib
0x000000000f76d000 	/System/Library/Frameworks/ImageIO.framework/Versions/A/Resources/libJPEG.dylib
0x000000000f76d000 	/System/Library/Frameworks/ImageIO.framework/Versions/A/Resources/libTIFF.dylib
0x000000000f76d000 	/System/Library/Frameworks/ImageIO.framework/Versions/A/Resources/libPng.dylib
0x000000000f76d000 	/System/Library/Frameworks/ImageIO.framework/Versions/A/Resources/libGIF.dylib
0x000000000f76d000 	/System/Library/Frameworks/ImageIO.framework/Versions/A/Resources/libJP2.dylib
0x000000000f76d000 	/System/Library/Frameworks/ImageIO.framework/Versions/A/Resources/libRadiance.dylib
0x000000000f76d000 	/usr/lib/libcompression.dylib
0x000000000f76d000 	/System/Library/PrivateFrameworks/AppleJPEG.framework/Versions/A/AppleJPEG
0x000000000f76d000 	/usr/lib/libcups.2.dylib
0x000000000f76d000 	/System/Library/Frameworks/Kerberos.framework/Versions/A/Kerberos
0x000000000f76d000 	/System/Library/Frameworks/GSS.framework/Versions/A/GSS
0x000000000f76d000 	/usr/lib/libresolv.9.dylib
0x000000000f76d000 	/usr/lib/libiconv.2.dylib
0x000000000f76d000 	/System/Library/PrivateFrameworks/Heimdal.framework/Versions/A/Heimdal
0x000000000f76d000 	/usr/lib/libheimdal-asn1.dylib
0x000000000f76d000 	/System/Library/Frameworks/OpenDirectory.framework/Versions/A/OpenDirectory
0x000000000f76d000 	/System/Library/PrivateFrameworks/CommonAuth.framework/Versions/A/CommonAuth
0x000000000f76d000 	/System/Library/Frameworks/OpenDirectory.framework/Versions/A/Frameworks/CFOpenDirectory.framework/Versions/A/CFOpenDirectory
0x000000000f76d000 	/System/Library/Frameworks/SecurityFoundation.framework/Versions/A/SecurityFoundation
0x000000000f76d000 	/System/Library/PrivateFrameworks/LanguageModeling.framework/Versions/A/LanguageModeling
0x000000000f76d000 	/usr/lib/libmarisa.dylib
0x000000000f76d000 	/usr/lib/libChineseTokenizer.dylib
0x000000000f76d000 	/usr/lib/libcmph.dylib
0x000000000f76d000 	/System/Library/PrivateFrameworks/CoreEmoji.framework/Versions/A/CoreEmoji
0x000000000f76d000 	/System/Library/Frameworks/ServiceManagement.framework/Versions/A/ServiceManagement
0x000000000f76d000 	/usr/lib/libxslt.1.dylib
0x000000000f76d000 	/System/Library/Frameworks/Carbon.framework/Versions/A/Frameworks/Ink.framework/Versions/A/Ink
0x000000000f76d000 	/System/Library/PrivateFrameworks/TextureIO.framework/Versions/A/TextureIO
0x000000000f76d000 	/System/Library/Frameworks/Metal.framework/Versions/A/Metal
0x000000000f76d000 	/usr/lib/libate.dylib
0x000000000f76d000 	/System/Library/PrivateFrameworks/GPUCompiler.framework/libmetal_timestamp.dylib
0x000000000f76d000 	/System/Library/Frameworks/OpenGL.framework/Versions/A/Libraries/libCoreFSCache.dylib
0x000000000f76d000 	/System/Library/PrivateFrameworks/IOAccelerator.framework/Versions/A/IOAccelerator
0x000000000f76d000 	/System/Library/Frameworks/CoreVideo.framework/Versions/A/CoreVideo
0x000000000f76d000 	/usr/lib/libFosl_dynamic.dylib
0x000000000f76d000 	/System/Library/PrivateFrameworks/MetalPerformanceShaders.framework/Versions/A/MetalPerformanceShaders
0x000000000f76d000 	/System/Library/PrivateFrameworks/FaceCore.framework/Versions/A/FaceCore
0x000000000f76d000 	/System/Library/Frameworks/OpenCL.framework/Versions/A/OpenCL
0x000000000f76d000 	/System/Library/Frameworks/OpenGL.framework/Versions/A/Libraries/libGLU.dylib
0x000000000f76d000 	/System/Library/Frameworks/OpenGL.framework/Versions/A/Libraries/libGFXShared.dylib
0x000000000f76d000 	/System/Library/Frameworks/OpenGL.framework/Versions/A/Libraries/libGL.dylib
0x000000000f76d000 	/System/Library/Frameworks/OpenGL.framework/Versions/A/Libraries/libGLImage.dylib
0x000000000f76d000 	/System/Library/Frameworks/OpenGL.framework/Versions/A/Libraries/libCVMSPluginSupport.dylib
0x000000000f76d000 	/System/Library/Frameworks/OpenGL.framework/Versions/A/Libraries/libCoreVMClient.dylib
0x000000000f76d000 	/System/Library/PrivateFrameworks/CrashReporterSupport.framework/Versions/A/CrashReporterSupport
0x000000000f76d000 	/System/Library/PrivateFrameworks/Sharing.framework/Versions/A/Sharing
0x000000000f76d000 	/System/Library/PrivateFrameworks/IconServices.framework/Versions/A/IconServices
0x000000000f76d000 	/System/Library/PrivateFrameworks/ProtocolBuffer.framework/Versions/A/ProtocolBuffer
0x000000000f76d000 	/System/Library/PrivateFrameworks/Apple80211.framework/Versions/A/Apple80211
0x000000000f76d000 	/System/Library/Frameworks/CoreWLAN.framework/Versions/A/CoreWLAN
0x000000000f76d000 	/System/Library/PrivateFrameworks/CoreUtils.framework/Versions/A/CoreUtils
0x000000000f76d000 	/System/Library/Frameworks/IOBluetooth.framework/Versions/A/IOBluetooth
0x000000000f76d000 	/System/Library/PrivateFrameworks/CoreWiFi.framework/Versions/A/CoreWiFi
0x000000000f76d000 	/System/Library/Frameworks/CoreBluetooth.framework/Versions/A/CoreBluetooth
0x000000000f76d000 	/System/Library/Frameworks/CoreDisplay.framework/Versions/A/CoreDisplay
0x000000000f76d000 	/System/Library/PrivateFrameworks/IOPresentment.framework/Versions/A/IOPresentment
0x000000000f76d000 	/System/Library/PrivateFrameworks/DSExternalDisplay.framework/Versions/A/DSExternalDisplay
0x000000000f76d000 	/System/Library/PrivateFrameworks/DebugSymbols.framework/Versions/A/DebugSymbols
0x000000000f76d000 	/System/Library/PrivateFrameworks/CoreSymbolication.framework/Versions/A/CoreSymbolication
0x000000000f76d000 	/System/Library/PrivateFrameworks/Symbolication.framework/Versions/A/Symbolication
0x000000000f76d000 	/System/Library/PrivateFrameworks/AppleFSCompression.framework/Versions/A/AppleFSCompression
0x000000000f76d000 	/System/Library/PrivateFrameworks/SpeechRecognitionCore.framework/Versions/A/SpeechRecognitionCore
0x000000000f76d000 	/System/Library/PrivateFrameworks/ChunkingLibrary.framework/Versions/A/ChunkingLibrary
0x0000000107aee000 	/System/Library/CoreServices/Encodings/libSimplifiedChineseConverter.dylib
0x0000000108c00000 	/Library/Java/JavaVirtualMachines/jdk1.8.0_121.jdk/Contents/Home/jre/lib/server/libjvm.dylib
0x000000000f76d000 	/usr/lib/libstdc++.6.dylib
0x0000000107b64000 	/Library/Java/JavaVirtualMachines/jdk1.8.0_121.jdk/Contents/Home/jre/lib/libverify.dylib
0x0000000107b72000 	/Library/Java/JavaVirtualMachines/jdk1.8.0_121.jdk/Contents/Home/jre/lib/libjava.dylib
0x0000000107bb1000 	/Library/Java/JavaVirtualMachines/jdk1.8.0_121.jdk/Contents/Home/jre/lib/libzip.dylib
0x000000010dbf0000 	/System/Library/Frameworks/JavaVM.framework/Frameworks/JavaRuntimeSupport.framework/JavaRuntimeSupport
0x000000010dc0a000 	/System/Library/Frameworks/JavaVM.framework/Versions/A/Frameworks/JavaNativeFoundation.framework/Versions/A/JavaNativeFoundation
0x000000010dc1f000 	/System/Library/Frameworks/JavaVM.framework/Versions/A/JavaVM
0x000000000f76d000 	/System/Library/Frameworks/Carbon.framework/Versions/A/Carbon
0x000000010dc2c000 	/System/Library/PrivateFrameworks/JavaLaunching.framework/Versions/A/JavaLaunching
0x000000000f76d000 	/System/Library/Frameworks/Carbon.framework/Versions/A/Frameworks/CommonPanels.framework/Versions/A/CommonPanels
0x000000000f76d000 	/System/Library/Frameworks/Carbon.framework/Versions/A/Frameworks/Help.framework/Versions/A/Help
0x000000000f76d000 	/System/Library/Frameworks/Carbon.framework/Versions/A/Frameworks/ImageCapture.framework/Versions/A/ImageCapture
0x000000000f76d000 	/System/Library/Frameworks/Carbon.framework/Versions/A/Frameworks/OpenScripting.framework/Versions/A/OpenScripting
0x000000000f76d000 	/System/Library/Frameworks/Carbon.framework/Versions/A/Frameworks/Print.framework/Versions/A/Print
0x000000000f76d000 	/System/Library/Frameworks/Carbon.framework/Versions/A/Frameworks/SecurityHI.framework/Versions/A/SecurityHI
0x000000010dd50000 	/Library/Java/JavaVirtualMachines/jdk1.8.0_121.jdk/Contents/Home/jre/lib/libprism_es2.dylib
0x000000010ddb5000 	/System/Library/Frameworks/OpenGL.framework/Resources/GLEngine.bundle/GLEngine
0x000000000f76d000 	/System/Library/Frameworks/OpenGL.framework/Versions/A/Libraries/libGLProgrammability.dylib
0x000000010df9a000 	/System/Library/Extensions/AppleIntelSKLGraphicsGLDriver.bundle/Contents/MacOS/AppleIntelSKLGraphicsGLDriver
0x000000000f76d000 	/System/Library/PrivateFrameworks/GPUSupport.framework/Versions/A/Libraries/libGPUSupportMercury.dylib
0x000000010ed22000 	/System/Library/Extensions/AMDRadeonX4000GLDriver.bundle/Contents/MacOS/AMDRadeonX4000GLDriver
0x00000001279cf000 	/System/Library/Extensions/AMDRadeonX4000GLDriver.bundle/Contents/MacOS/ATIRadeonX4000SCLib.dylib
0x000000010ee04000 	/System/Library/Frameworks/OpenGL.framework/Resources//GLRendererFloat.bundle/GLRendererFloat
0x000000000f76d000 	/System/Library/Frameworks/OpenCL.framework/Versions/A/Libraries/libcldcpuengine.dylib
0x000000000f76d000 	/usr/lib/libcrypto.0.9.8.dylib
0x000000000f76d000 	/System/Library/PrivateFrameworks/TrustEvaluationAgent.framework/Versions/A/TrustEvaluationAgent
0x000000010ee8b000 	/Library/Java/JavaVirtualMachines/jdk1.8.0_121.jdk/Contents/Home/jre/lib/libglass.dylib
0x000000000f76d000 	/System/Library/PrivateFrameworks/CoreServicesInternal.framework/Versions/A/CoreServicesInternal
0x000000000f76d000 	/System/Library/CoreServices/RawCamera.bundle/Contents/MacOS/RawCamera
0x000000000f76d000 	/System/Library/Frameworks/Accelerate.framework/Versions/A/Frameworks/vImage.framework/Versions/A/Libraries/libCGInterfaces.dylib
0x000000000f76d000 	/System/Library/PrivateFrameworks/FamilyControls.framework/Versions/A/FamilyControls
0x000000000f76d000 	/System/Library/PrivateFrameworks/CommerceKit.framework/Versions/A/Frameworks/CommerceCore.framework/Versions/A/CommerceCore
0x000000000f76d000 	/System/Library/PrivateFrameworks/SystemAdministration.framework/Versions/A/SystemAdministration
0x000000000f76d000 	/System/Library/PrivateFrameworks/AppContainer.framework/Versions/A/AppContainer
0x000000000f76d000 	/System/Library/PrivateFrameworks/SecCodeWrapper.framework/Versions/A/SecCodeWrapper
0x000000000f76d000 	/System/Library/Frameworks/DirectoryService.framework/Versions/A/DirectoryService
0x000000000f76d000 	/System/Library/PrivateFrameworks/DiskImages.framework/Versions/A/DiskImages
0x000000000f76d000 	/System/Library/PrivateFrameworks/LoginUIKit.framework/Versions/A/Frameworks/LoginUICore.framework/Versions/A/LoginUICore
0x000000000f76d000 	/usr/lib/libCoreStorage.dylib
0x000000000f76d000 	/usr/lib/libcsfde.dylib
0x000000000f76d000 	/usr/lib/libodfde.dylib
0x000000000f76d000 	/System/Library/Frameworks/DiscRecording.framework/Versions/A/DiscRecording
0x000000000f76d000 	/usr/lib/libcurl.4.dylib
0x000000000f76d000 	/System/Library/PrivateFrameworks/MediaKit.framework/Versions/A/MediaKit
0x000000000f76d000 	/System/Library/PrivateFrameworks/ProtectedCloudStorage.framework/Versions/A/ProtectedCloudStorage
0x000000000f76d000 	/System/Library/PrivateFrameworks/EFILogin.framework/Versions/A/EFILogin
0x000000000f76d000 	/usr/lib/libutil.dylib
0x000000000f76d000 	/System/Library/Frameworks/LDAP.framework/Versions/A/LDAP
0x000000000f76d000 	/usr/lib/libsasl2.2.dylib
0x000000000f76d000 	/System/Library/PrivateFrameworks/CoreDaemon.framework/Versions/B/CoreDaemon
0x000000000f76d000 	/System/Library/PrivateFrameworks/AppleSRP.framework/Versions/A/AppleSRP
0x000000000f76d000 	/System/Library/PrivateFrameworks/APFS.framework/Versions/A/APFS
0x000000012b16f000 	/Library/Java/Extensions/libopencv_java330.dylib
0x0000000130fe5000 	/usr/local/opt/ffmpeg/lib/libavcodec.57.dylib
0x00000001322db000 	/usr/local/opt/ffmpeg/lib/libavformat.57.dylib
0x0000000132487000 	/usr/local/opt/ffmpeg/lib/libavutil.55.dylib
0x00000001324ed000 	/usr/local/opt/ffmpeg/lib/libswscale.4.dylib
0x000000012863b000 	/usr/local/opt/ffmpeg/lib/libavresample.3.dylib
0x000000010f07c000 	/System/Library/Frameworks/VideoDecodeAcceleration.framework/Versions/A/VideoDecodeAcceleration
0x000000000f76d000 	/System/Library/Frameworks/AVFoundation.framework/Versions/A/AVFoundation
0x000000000f76d000 	/System/Library/Frameworks/CoreMedia.framework/Versions/A/CoreMedia
0x000000013256d000 	/usr/local/Cellar/ffmpeg/3.3.4/lib/libswresample.2.dylib
0x000000000f76d000 	/System/Library/Frameworks/VideoToolbox.framework/Versions/A/VideoToolbox
0x000000013258d000 	/usr/local/opt/x264/lib/libx264.148.dylib
0x00000001326fc000 	/usr/local/opt/lame/lib/libmp3lame.0.dylib
0x000000000f76d000 	/System/Library/Frameworks/AVFoundation.framework/Versions/A/Frameworks/AVFAudio.framework/Versions/A/AVFAudio
0x000000000f76d000 	/System/Library/Frameworks/MediaToolbox.framework/Versions/A/MediaToolbox
0x000000000f76d000 	/System/Library/PrivateFrameworks/IntlPreferences.framework/Versions/A/IntlPreferences
0x000000000f76d000 	/System/Library/Frameworks/CoreMediaIO.framework/Versions/A/CoreMediaIO
0x000000000f76d000 	/usr/lib/libspindump.dylib
0x000000000f76d000 	/usr/lib/libdscsym.dylib
0x000000000f76d000 	/System/Library/PrivateFrameworks/CoreAVCHD.framework/Versions/A/CoreAVCHD
0x000000000f76d000 	/System/Library/Frameworks/MediaAccessibility.framework/Versions/A/MediaAccessibility
0x000000000f76d000 	/System/Library/PrivateFrameworks/Mangrove.framework/Versions/A/Mangrove
0x000000000f76d000 	/System/Library/PrivateFrameworks/CoreAUC.framework/Versions/A/CoreAUC
0x000000000f76d000 	/System/Library/PrivateFrameworks/AppleVA.framework/Versions/A/AppleVA
0x000000000f76d000 	/System/Library/PrivateFrameworks/XPCService.framework/Versions/A/XPCService
0x000000000f76d000 	/System/Library/PrivateFrameworks/AppSandbox.framework/Versions/A/AppSandbox
0x000000000f76d000 	/usr/lib/libsandbox.1.dylib
0x000000000f76d000 	/usr/lib/libMatch.1.dylib
0x000000012865c000 	/Library/Java/JavaVirtualMachines/jdk1.8.0_121.jdk/Contents/Home/jre/lib/libjavafx_font.dylib
0x000000000f76d000 	/System/Library/Frameworks/ApplicationServices.framework/Versions/A/Frameworks/ATS.framework/Versions/A/Resources/libTrueTypeScaler.dylib
0x0000000132bcd000 	/Library/Java/JavaVirtualMachines/jdk1.8.0_121.jdk/Contents/Home/jre/lib/libjavafx_iio.dylib
0x000000000f76d000 	/System/Library/Extensions/AMDMTLBronzeDriver.bundle/Contents/MacOS/AMDMTLBronzeDriver
0x000000000f76d000 	/System/Library/PrivateFrameworks/IOAccelMemoryInfo.framework/Versions/A/IOAccelMemoryInfo
0x0000000134548000 	/System/Library/Extensions/AppleIntelSKLGraphicsMTLDriver.bundle/Contents/MacOS/AppleIntelSKLGraphicsMTLDriver
0x000000013470c000 	/Library/Java/JavaVirtualMachines/jdk1.8.0_121.jdk/Contents/Home/jre/lib/libprism_common.dylib
0x000000000f76d000 	/System/Library/PrivateFrameworks/ViewBridge.framework/Versions/A/ViewBridge
0x0000000145feb000 	/Library/Java/JavaVirtualMachines/jdk1.8.0_121.jdk/Contents/Home/jre/lib/libnet.dylib
0x000000014599f000 	/System/Library/Extensions/AppleHDA.kext/Contents/PlugIns/AppleHDAHALPlugIn.bundle/Contents/MacOS/AppleHDAHALPlugIn
0x00000001459a9000 	/System/Library/Frameworks/CoreMediaIO.framework/Resources/VDC.plugin/Contents/MacOS/VDC
0x00000001459da000 	/System/Library/Frameworks/CoreMediaIO.framework/Resources/CMIOUnits.bundle/Contents/MacOS/CMIOUnits
0x0000000145b67000 	/System/Library/PrivateFrameworks/FWAVC.framework/Versions/A/FWAVC

VM Arguments:
jvm_args: -Dfile.encoding=UTF-8 
java_command: /Users/chenjiaxin/Desktop/cmu1/java/team/teamProj/dist/run1028958539/teamProj.jar
java_class_path (initial): /Users/chenjiaxin/Desktop/cmu1/java/team/teamProj/dist/run1028958539/teamProj.jar
Launcher Type: SUN_STANDARD

Environment Variables:
PATH=/usr/bin:/bin:/usr/sbin:/sbin
LD_LIBRARY_PATH=/Library/Java/JavaVirtualMachines/jdk1.8.0_121.jdk/Contents/Home/jre/lib/amd64:/Library/Java/JavaVirtualMachines/jdk1.8.0_121.jdk/Contents/Home/jre/lib/i386:
SHELL=/bin/bash
DISPLAY=/private/tmp/com.apple.launchd.UwTco7Djfp/org.macosforge.xquartz:0

Signal Handlers:
SIGSEGV: [libjvm.dylib+0x5b1141], sa_mask[0]=11111111011111110111111111111111, sa_flags=SA_ONSTACK|SA_RESTART|SA_SIGINFO
SIGBUS: [libjvm.dylib+0x5b1141], sa_mask[0]=11111111011111110111111111111111, sa_flags=SA_RESTART|SA_SIGINFO
SIGFPE: [libjvm.dylib+0x487bc4], sa_mask[0]=11111111011111110111111111111111, sa_flags=SA_RESTART|SA_SIGINFO
SIGPIPE: [libjvm.dylib+0x487bc4], sa_mask[0]=11111111011111110111111111111111, sa_flags=SA_RESTART|SA_SIGINFO
SIGXFSZ: [libjvm.dylib+0x487bc4], sa_mask[0]=11111111011111110111111111111111, sa_flags=SA_RESTART|SA_SIGINFO
SIGILL: [libjvm.dylib+0x487bc4], sa_mask[0]=11111111011111110111111111111111, sa_flags=SA_RESTART|SA_SIGINFO
SIGUSR1: SIG_DFL, sa_mask[0]=00000000000000000000000000000000, sa_flags=none
SIGUSR2: [libjvm.dylib+0x4876e2], sa_mask[0]=00100000000000000000000000000000, sa_flags=SA_RESTART|SA_SIGINFO
SIGHUP: [libjvm.dylib+0x485cb9], sa_mask[0]=11111111011111110111111111111111, sa_flags=SA_RESTART|SA_SIGINFO
SIGINT: SIG_IGN, sa_mask[0]=00000000000000000000000000000000, sa_flags=none
SIGTERM: [libjvm.dylib+0x485cb9], sa_mask[0]=11111111011111110111111111111111, sa_flags=SA_RESTART|SA_SIGINFO
SIGQUIT: [libjvm.dylib+0x485cb9], sa_mask[0]=11111111011111110111111111111111, sa_flags=SA_RESTART|SA_SIGINFO


---------------  S Y S T E M  ---------------

OS:Bsduname:Darwin 16.7.0 Darwin Kernel Version 16.7.0: Thu Jun 15 17:36:27 PDT 2017; root:xnu-3789.70.16~2/RELEASE_X86_64 x86_64
rlimit: STACK 8192k, CORE 0k, NPROC 709, NOFILE 10240, AS infinity
load average:1.93 1.75 1.64

CPU:total 8 (4 cores per cpu, 2 threads per core) family 6 model 94 stepping 3, cmov, cx8, fxsr, mmx, sse, sse2, sse3, ssse3, sse4.1, sse4.2, popcnt, avx, avx2, aes, clmul, erms, rtm, 3dnowpref, lzcnt, ht, tsc, tscinvbit, bmi1, bmi2, adx

Memory: 4k page, physical 16777216k(250836k free)

/proc/meminfo:


vm_info: Java HotSpot(TM) 64-Bit Server VM (25.121-b13) for bsd-amd64 JRE (1.8.0_121-b13), built on Dec 12 2016 20:39:32 by "java_re" with gcc 4.2.1 (Based on Apple Inc. build 5658) (LLVM build 2336.11.00)

time: Sat Nov 11 17:43:09 2017
elapsed time: 18 seconds (0d 0h 0m 18s)

