#
# A fatal error has been detected by the Java Runtime Environment:
#
#  SIGSEGV (0xb) at pc=0x00007fffc83ae05d, pid=11105, tid=0x000000000000a907
#
# JRE version: Java(TM) SE Runtime Environment (8.0_121-b13) (build 1.8.0_121-b13)
# Java VM: Java HotSpot(TM) 64-Bit Server VM (25.121-b13 mixed mode bsd-amd64 compressed oops)
# Problematic frame:
# C  [libobjc.A.dylib+0x705d]  objc_msgSend+0x1d
#
# Failed to write core dump. Core dumps have been disabled. To enable core dumping, try "ulimit -c unlimited" before starting Java again
#
# If you would like to submit a bug report, please visit:
#   http://bugreport.java.com/bugreport/crash.jsp
# The crash happened outside the Java Virtual Machine in native code.
# See problematic frame for where to report the bug.
#

---------------  T H R E A D  ---------------

Current thread (0x00007f926b24c000):  JavaThread "pool-3-thread-1" [_thread_in_native, id=43271, stack(0x000070000f1eb000,0x000070000f2eb000)]

siginfo: si_signo: 11 (SIGSEGV), si_code: 1 (SEGV_MAPERR), si_addr: 0x0000000000000018

Registers:
RAX=0x0000000000000000, RBX=0x00007f926ed4e2b0, RCX=0x0000000000000000, RDX=0x000000001777ff00
RSP=0x000070000f2ea328, RBP=0x000070000f2ea350, RSI=0x00007fffb1c37557, RDI=0xf00007f926ed0403
R8 =0x0000000000000000, R9 =0x00007f926ed34ba0, R10=0x0000000000000000, R11=0x00007fffb1c37557
R12=0x0000000000000010, R13=0x000000013a85b1f8, R14=0x0000000000000000, R15=0x0000000000000008
RIP=0x00007fffc83ae05d, EFLAGS=0x0000000000010293, ERR=0x0000000000000004
  TRAPNO=0x000000000000000e

Top of Stack: (sp=0x000070000f2ea328)
0x000070000f2ea328:   00000001338ed203 00007fffc83ae040
0x000070000f2ea338:   0000000000000000 00007f9267c2eb30
0x000070000f2ea348:   00007f9269bd6b90 000070000f2ea380
0x000070000f2ea358:   00000001338ec77b 00000001384f55d0
0x000070000f2ea368:   00007f926ed13e70 000070000f2ea3f0
0x000070000f2ea378:   00007f926b24c000 000070000f2ea3b0
0x000070000f2ea388:   00000001338dba6e 0000000000000000
0x000070000f2ea398:   0000000000000000 0000700000000000
0x000070000f2ea3a8:   00007f926ed13e70 000070000f2ea3e0
0x000070000f2ea3b8:   00000001338dbe9a 0000000000000000
0x000070000f2ea3c8:   0000000100000000 00007f926b24c1f8
0x000070000f2ea3d8:   000070000f2ea4c8 000070000f2ea420
0x000070000f2ea3e8:   000000013300e2c1 0000000002010000
0x000070000f2ea3f8:   00007f9269bda9b0 0000000000000000
0x000070000f2ea408:   000000013300dca7 000000013a85b1f8
0x000070000f2ea418:   000070000f2ea4c8 000070000f2ea490
0x000070000f2ea428:   0000000114a069f4 0000000000000001
0x000070000f2ea438:   000070000f2ea4d0 0800000008000000
0x000070000f2ea448:   0000000114a06ee9 000070000f2ea450
0x000070000f2ea458:   0000000000000000 000070000f2ea4c8
0x000070000f2ea468:   000000013a85b5f0 0000000000000000
0x000070000f2ea478:   000000013a85b1f8 0000000000000000
0x000070000f2ea488:   000070000f2ea4b0 000070000f2ea510
0x000070000f2ea498:   00000001149f6a90 000000076eec5f18
0x000070000f2ea4a8:   0000000114a00520 00007f9269bda9b0
0x000070000f2ea4b8:   000000076eec5f18 00007f926ed13e70
0x000070000f2ea4c8:   00007f926ed13e70 000070000f2ea4d0
0x000070000f2ea4d8:   000000013a85a6d0 000070000f2ea530
0x000070000f2ea4e8:   000000013a85b5f0 0000000000000000
0x000070000f2ea4f8:   000000013a85a708 000070000f2ea4b0
0x000070000f2ea508:   000070000f2ea528 000070000f2ea578
0x000070000f2ea518:   00000001149f6a90 0000000000000000 

Instructions: (pc=0x00007fffc83ae05d)
0x00007fffc83ae03d:   0f 1f 00 48 85 ff 2e 74 62 40 f6 c7 01 2e 75 66
0x00007fffc83ae04d:   49 ba f8 ff ff ff ff 7f 00 00 4c 23 17 49 89 f3
0x00007fffc83ae05d:   45 23 5a 18 49 c1 e3 04 4d 03 5a 10 49 3b 33 75
0x00007fffc83ae06d:   04 41 ff 63 08 49 83 3b 01 76 0d 49 83 c3 10 49 

Register to memory mapping:

RAX=0x0000000000000000 is an unknown value
RBX=0x00007f926ed4e2b0 is an unknown value
RCX=0x0000000000000000 is an unknown value
RDX=0x000000001777ff00 is an unknown value
RSP=0x000070000f2ea328 is pointing into the stack for thread: 0x00007f926b24c000
RBP=0x000070000f2ea350 is pointing into the stack for thread: 0x00007f926b24c000
RSI=0x00007fffb1c37557: __NSStyleNameIndexTable+0x7d19f in /System/Library/Frameworks/AppKit.framework/Versions/C/AppKit at 0x00007fffb0fcd000
RDI=0xf00007f926ed0403 is an unknown value
R8 =0x0000000000000000 is an unknown value
R9 =0x00007f926ed34ba0 is an unknown value
R10=0x0000000000000000 is an unknown value
R11=0x00007fffb1c37557: __NSStyleNameIndexTable+0x7d19f in /System/Library/Frameworks/AppKit.framework/Versions/C/AppKit at 0x00007fffb0fcd000
R12=0x0000000000000010 is an unknown value
R13={method} {0x000000013a85b1f8} 'read_0' '(JJ)Z' in 'org/opencv/videoio/VideoCapture'
R14=0x0000000000000000 is an unknown value
R15=0x0000000000000008 is an unknown value


Stack: [0x000070000f1eb000,0x000070000f2eb000],  sp=0x000070000f2ea328,  free space=1020k
Native frames: (J=compiled Java code, j=interpreted, Vv=VM code, C=native code)
C  [libobjc.A.dylib+0x705d]  objc_msgSend+0x1d
C  [libopencv_java330.dylib+0x95d77b]  CvCaptureCAM::grabFrame()+0x5b
C  [libopencv_java330.dylib+0x94ca6e]  cv::VideoCapture::grab()+0x3e
C  [libopencv_java330.dylib+0x94ce9a]  cv::VideoCapture::read(cv::_OutputArray const&)+0x2a
C  [libopencv_java330.dylib+0x7f2c1]  Java_org_opencv_videoio_VideoCapture_read_10+0x31
j  org.opencv.videoio.VideoCapture.read_0(JJ)Z+0
j  org.opencv.videoio.VideoCapture.read(Lorg/opencv/core/Mat;)Z+8
j  teamproj.controller.RecoController.grabFrame()Lorg/opencv/core/Mat;+23
j  teamproj.controller.RecoController.access$000(Lteamproj/controller/RecoController;)Lorg/opencv/core/Mat;+1
j  teamproj.controller.RecoController$1.run()V+4
j  java.util.concurrent.Executors$RunnableAdapter.call()Ljava/lang/Object;+4
j  java.util.concurrent.FutureTask.runAndReset()Z+47
j  java.util.concurrent.ScheduledThreadPoolExecutor$ScheduledFutureTask.access$301(Ljava/util/concurrent/ScheduledThreadPoolExecutor$ScheduledFutureTask;)Z+1
j  java.util.concurrent.ScheduledThreadPoolExecutor$ScheduledFutureTask.run()V+37
j  java.util.concurrent.ThreadPoolExecutor.runWorker(Ljava/util/concurrent/ThreadPoolExecutor$Worker;)V+95
j  java.util.concurrent.ThreadPoolExecutor$Worker.run()V+5
j  java.lang.Thread.run()V+11
v  ~StubRoutines::call_stub
V  [libjvm.dylib+0x2ed9d6]  JavaCalls::call_helper(JavaValue*, methodHandle*, JavaCallArguments*, Thread*)+0x6ae
V  [libjvm.dylib+0x2ee164]  JavaCalls::call_virtual(JavaValue*, KlassHandle, Symbol*, Symbol*, JavaCallArguments*, Thread*)+0x164
V  [libjvm.dylib+0x2ee310]  JavaCalls::call_virtual(JavaValue*, Handle, KlassHandle, Symbol*, Symbol*, Thread*)+0x4a
V  [libjvm.dylib+0x348a5d]  thread_entry(JavaThread*, Thread*)+0x7c
V  [libjvm.dylib+0x56ab0f]  JavaThread::thread_main_inner()+0x9b
V  [libjvm.dylib+0x56c1fc]  JavaThread::run()+0x1c2
V  [libjvm.dylib+0x48a5b2]  java_start(Thread*)+0xf6
C  [libsystem_pthread.dylib+0x393b]  _pthread_body+0xb4
C  [libsystem_pthread.dylib+0x3887]  _pthread_body+0x0
C  [libsystem_pthread.dylib+0x308d]  thread_start+0xd
C  0x0000000000000000

Java frames: (J=compiled Java code, j=interpreted, Vv=VM code)
j  org.opencv.videoio.VideoCapture.read_0(JJ)Z+0
j  org.opencv.videoio.VideoCapture.read(Lorg/opencv/core/Mat;)Z+8
j  teamproj.controller.RecoController.grabFrame()Lorg/opencv/core/Mat;+23
j  teamproj.controller.RecoController.access$000(Lteamproj/controller/RecoController;)Lorg/opencv/core/Mat;+1
j  teamproj.controller.RecoController$1.run()V+4
j  java.util.concurrent.Executors$RunnableAdapter.call()Ljava/lang/Object;+4
j  java.util.concurrent.FutureTask.runAndReset()Z+47
j  java.util.concurrent.ScheduledThreadPoolExecutor$ScheduledFutureTask.access$301(Ljava/util/concurrent/ScheduledThreadPoolExecutor$ScheduledFutureTask;)Z+1
j  java.util.concurrent.ScheduledThreadPoolExecutor$ScheduledFutureTask.run()V+37
j  java.util.concurrent.ThreadPoolExecutor.runWorker(Ljava/util/concurrent/ThreadPoolExecutor$Worker;)V+95
j  java.util.concurrent.ThreadPoolExecutor$Worker.run()V+5
j  java.lang.Thread.run()V+11
v  ~StubRoutines::call_stub

---------------  P R O C E S S  ---------------

Java Threads: ( => current thread )
=>0x00007f926b24c000 JavaThread "pool-3-thread-1" [_thread_in_native, id=43271, stack(0x000070000f1eb000,0x000070000f2eb000)]
  0x00007f9268091800 JavaThread "JavaCPP Deallocator" daemon [_thread_blocked, id=102219, stack(0x000070000f98f000,0x000070000fa8f000)]
  0x00007f926c3fe800 JavaThread "Java2D Disposer" daemon [_thread_blocked, id=101143, stack(0x000070000f88c000,0x000070000f98c000)]
  0x00007f926a239000 JavaThread "Java2D Queue Flusher" daemon [_thread_blocked, id=101383, stack(0x000070000f789000,0x000070000f889000)]
  0x00007f926a181000 JavaThread "Prism Font Disposer" daemon [_thread_blocked, id=59367, stack(0x000070000f0e8000,0x000070000f1e8000)]
  0x00007f926809e800 JavaThread "JavaFX-Launcher" [_thread_blocked, id=57603, stack(0x000070000efe5000,0x000070000f0e5000)]
  0x00007f926b17e800 JavaThread "Thread-3" daemon [_thread_in_native, id=41475, stack(0x000070000eedf000,0x000070000ef5f000)]
  0x00007f9268076800 JavaThread "JavaFX Application Thread" [_thread_in_native, id=775, stack(0x00007fff4fb42000,0x00007fff50342000)]
  0x00007f9268074000 JavaThread "Thread-1" daemon [_thread_blocked, id=28931, stack(0x000070000eddc000,0x000070000eedc000)]
  0x00007f926b143800 JavaThread "QuantumRenderer-0" daemon [_thread_blocked, id=22275, stack(0x000070000ecd9000,0x000070000edd9000)]
  0x00007f926800c000 JavaThread "Service Thread" daemon [_thread_blocked, id=21251, stack(0x000070000ead3000,0x000070000ebd3000)]
  0x00007f926c005800 JavaThread "C1 CompilerThread3" daemon [_thread_blocked, id=20739, stack(0x000070000e9d0000,0x000070000ead0000)]
  0x00007f9268806800 JavaThread "C2 CompilerThread2" daemon [_thread_blocked, id=20227, stack(0x000070000e8cd000,0x000070000e9cd000)]
  0x00007f926a043800 JavaThread "C2 CompilerThread1" daemon [_thread_blocked, id=19715, stack(0x000070000e7ca000,0x000070000e8ca000)]
  0x00007f9268806000 JavaThread "C2 CompilerThread0" daemon [_thread_blocked, id=19203, stack(0x000070000e6c7000,0x000070000e7c7000)]
  0x00007f926c005000 JavaThread "Signal Dispatcher" daemon [_thread_blocked, id=18691, stack(0x000070000e5c4000,0x000070000e6c4000)]
  0x00007f926c028800 JavaThread "Finalizer" daemon [_thread_blocked, id=14595, stack(0x000070000e4c1000,0x000070000e5c1000)]
  0x00007f926b008000 JavaThread "Reference Handler" daemon [_thread_blocked, id=14083, stack(0x000070000e3be000,0x000070000e4be000)]
  0x00007f9268800800 JavaThread "main" [_thread_blocked, id=7171, stack(0x000070000d9a0000,0x000070000daa0000)]

Other Threads:
  0x00007f926b007800 VMThread [stack: 0x000070000e2bb000,0x000070000e3bb000] [id=13571]
  0x00007f926a044000 WatcherThread [stack: 0x000070000ebd6000,0x000070000ecd6000] [id=21763]

VM state:not at safepoint (normal execution)

VM Mutex/Monitor currently owned by a thread: None

Heap:
 PSYoungGen      total 76288K, used 47541K [0x000000076ab00000, 0x0000000770000000, 0x00000007c0000000)
  eden space 65536K, 56% used [0x000000076ab00000,0x000000076cef3db8,0x000000076eb00000)
  from space 10752K, 99% used [0x000000076eb00000,0x000000076f5799a0,0x000000076f580000)
  to   space 10752K, 0% used [0x000000076f580000,0x000000076f580000,0x0000000770000000)
 ParOldGen       total 175104K, used 23836K [0x00000006c0000000, 0x00000006cab00000, 0x000000076ab00000)
  object space 175104K, 13% used [0x00000006c0000000,0x00000006c17473e8,0x00000006cab00000)
 Metaspace       used 18468K, capacity 19020K, committed 19200K, reserved 1067008K
  class space    used 2381K, capacity 2509K, committed 2560K, reserved 1048576K

Card table byte_map: [0x0000000111d62000,0x0000000112563000] byte_map_base: 0x000000010e762000

Marking Bits: (ParMarkBitMap*) 0x00000001112f0d30
 Begin Bits: [0x00000001239ef000, 0x00000001279ef000)
 End Bits:   [0x00000001279ef000, 0x000000012b9ef000)

Polling page: 0x000000010f9c4000

CodeCache: size=245760Kb used=5755Kb max_used=5755Kb free=240004Kb
 bounds [0x00000001149ef000, 0x0000000114f9f000, 0x00000001239ef000]
 total_blobs=2661 nmethods=1722 adapters=852
 compilation: enabled

Compilation events (10 events):
Event: 25.101 Thread 0x00007f926c005800 1719       3       javafx.scene.Node::sceneToLocal (21 bytes)
Event: 25.102 Thread 0x00007f926c005800 nmethod 1719 0x0000000114f89ad0 code [0x0000000114f89d60, 0x0000000114f8b3a8]
Event: 25.102 Thread 0x00007f926c005800 1720       3       javafx.scene.Node::parentToLocal (15 bytes)
Event: 25.102 Thread 0x00007f926c005800 nmethod 1720 0x0000000114f8bad0 code [0x0000000114f8bc40, 0x0000000114f8bf18]
Event: 25.109 Thread 0x00007f926c005800 1721       3       javafx.scene.input.MouseEvent::copyFor (18 bytes)
Event: 25.110 Thread 0x00007f926c005800 nmethod 1721 0x0000000114f8c010 code [0x0000000114f8c1c0, 0x0000000114f8c818]
Event: 25.110 Thread 0x00007f926c005800 1722       3       javafx.scene.input.MouseEvent::recomputeCoordinatesToSource (34 bytes)
Event: 25.110 Thread 0x00007f926c005800 nmethod 1722 0x0000000114f8ca90 code [0x0000000114f8cc20, 0x0000000114f8d068]
Event: 25.117 Thread 0x00007f926c005800 1723       3       com.sun.javafx.scene.EnteredExitedHandler::dispatchCapturingEvent (222 bytes)
Event: 25.119 Thread 0x00007f926c005800 nmethod 1723 0x0000000114f8d1d0 code [0x0000000114f8d560, 0x0000000114f8fc38]

GC Heap History (2 events):
Event: 5.323 GC heap before
{Heap before GC invocations=1 (full 0):
 PSYoungGen      total 76288K, used 65536K [0x000000076ab00000, 0x0000000770000000, 0x00000007c0000000)
  eden space 65536K, 100% used [0x000000076ab00000,0x000000076eb00000,0x000000076eb00000)
  from space 10752K, 0% used [0x000000076f580000,0x000000076f580000,0x0000000770000000)
  to   space 10752K, 0% used [0x000000076eb00000,0x000000076eb00000,0x000000076f580000)
 ParOldGen       total 175104K, used 0K [0x00000006c0000000, 0x00000006cab00000, 0x000000076ab00000)
  object space 175104K, 0% used [0x00000006c0000000,0x00000006c0000000,0x00000006cab00000)
 Metaspace       used 15339K, capacity 15806K, committed 16128K, reserved 1062912K
  class space    used 2047K, capacity 2188K, committed 2304K, reserved 1048576K
Event: 5.336 GC heap after
Heap after GC invocations=1 (full 0):
 PSYoungGen      total 76288K, used 10726K [0x000000076ab00000, 0x0000000770000000, 0x00000007c0000000)
  eden space 65536K, 0% used [0x000000076ab00000,0x000000076ab00000,0x000000076eb00000)
  from space 10752K, 99% used [0x000000076eb00000,0x000000076f5799a0,0x000000076f580000)
  to   space 10752K, 0% used [0x000000076f580000,0x000000076f580000,0x0000000770000000)
 ParOldGen       total 175104K, used 23836K [0x00000006c0000000, 0x00000006cab00000, 0x000000076ab00000)
  object space 175104K, 13% used [0x00000006c0000000,0x00000006c17473e8,0x00000006cab00000)
 Metaspace       used 15339K, capacity 15806K, committed 16128K, reserved 1062912K
  class space    used 2047K, capacity 2188K, committed 2304K, reserved 1048576K
}

Deoptimization events (10 events):
Event: 5.585 Thread 0x00007f926a228800 Uncommon trap: reason=unstable_if action=reinterpret pc=0x0000000114e81684 method=com.sun.javafx.iio.common.SmoothMinifier.putSourceScanline([BI)Z @ 746
Event: 5.589 Thread 0x00007f926a228800 Uncommon trap: reason=unstable_if action=reinterpret pc=0x0000000114de51a0 method=com.sun.javafx.image.impl.ByteBgra$ToIntArgbSameConv.doConvert([BII[IIIII)V @ 29
Event: 5.614 Thread 0x00007f926a228800 Uncommon trap: reason=class_check action=maybe_recompile pc=0x0000000114d291ec method=java.util.HashMap.putVal(ILjava/lang/Object;Ljava/lang/Object;ZZ)Ljava/lang/Object; @ 253
Event: 5.614 Thread 0x00007f926a228800 Uncommon trap: reason=class_check action=maybe_recompile pc=0x0000000114d291ec method=java.util.HashMap.putVal(ILjava/lang/Object;Ljava/lang/Object;ZZ)Ljava/lang/Object; @ 253
Event: 5.614 Thread 0x00007f926a228800 Uncommon trap: reason=class_check action=maybe_recompile pc=0x0000000114d291ec method=java.util.HashMap.putVal(ILjava/lang/Object;Ljava/lang/Object;ZZ)Ljava/lang/Object; @ 253
Event: 5.615 Thread 0x00007f926a228800 Uncommon trap: reason=bimorphic action=maybe_recompile pc=0x0000000114d2928c method=java.util.HashMap.putVal(ILjava/lang/Object;Ljava/lang/Object;ZZ)Ljava/lang/Object; @ 203
Event: 5.615 Thread 0x00007f926a228800 Uncommon trap: reason=bimorphic action=maybe_recompile pc=0x0000000114d2928c method=java.util.HashMap.putVal(ILjava/lang/Object;Ljava/lang/Object;ZZ)Ljava/lang/Object; @ 203
Event: 5.615 Thread 0x00007f926a228800 Uncommon trap: reason=bimorphic action=maybe_recompile pc=0x0000000114d2928c method=java.util.HashMap.putVal(ILjava/lang/Object;Ljava/lang/Object;ZZ)Ljava/lang/Object; @ 203
Event: 5.617 Thread 0x00007f926a228800 Uncommon trap: reason=class_check action=maybe_recompile pc=0x0000000114d291ec method=java.util.HashMap.putVal(ILjava/lang/Object;Ljava/lang/Object;ZZ)Ljava/lang/Object; @ 253
Event: 5.633 Thread 0x00007f926a228800 Uncommon trap: reason=unstable_if action=reinterpret pc=0x0000000114e9d9e0 method=java.lang.String.lastIndexOf([CII[CIII)I @ 118

Internal exceptions (10 events):
Event: 0.378 Thread 0x00007f9268800800 Exception <a 'java/security/PrivilegedActionException'> (0x000000076b70a3e8) thrown at [/Users/java_re/workspace/8-2-build-macosx-x86_64/jdk8u121/8372/hotspot/src/share/vm/prims/jvm.cpp, line 1390]
Event: 0.378 Thread 0x00007f9268800800 Exception <a 'java/security/PrivilegedActionException'> (0x000000076b70a5f8) thrown at [/Users/java_re/workspace/8-2-build-macosx-x86_64/jdk8u121/8372/hotspot/src/share/vm/prims/jvm.cpp, line 1390]
Event: 0.440 Thread 0x00007f9268076800 Exception <a 'java/lang/NullPointerException'> (0x000000076bb3a600) thrown at [/Users/java_re/workspace/8-2-build-macosx-x86_64/jdk8u121/8372/hotspot/src/share/vm/interpreter/linkResolver.cpp, line 1178]
Event: 0.440 Thread 0x00007f9268076800 Exception <a 'java/lang/NullPointerException'> (0x000000076bb3a600) thrown at [/Users/java_re/workspace/8-2-build-macosx-x86_64/jdk8u121/8372/hotspot/src/share/vm/prims/jvm.cpp, line 1394]
Event: 0.496 Thread 0x00007f9268076800 Exception <a 'java/io/FileNotFoundException'> (0x000000076be3dcf8) thrown at [/Users/java_re/workspace/8-2-build-macosx-x86_64/jdk8u121/8372/hotspot/src/share/vm/prims/jni.cpp, line 709]
Event: 0.520 Thread 0x00007f9268076800 Exception <a 'java/io/FileNotFoundException'> (0x000000076c1575d0) thrown at [/Users/java_re/workspace/8-2-build-macosx-x86_64/jdk8u121/8372/hotspot/src/share/vm/prims/jni.cpp, line 709]
Event: 0.877 Thread 0x00007f9268076800 Implicit null exception at 0x0000000114c44ff5 to 0x0000000114c451f1
Event: 5.065 Thread 0x00007f926a228800 Exception <a 'java/io/FileNotFoundException'> (0x000000076d424930) thrown at [/Users/java_re/workspace/8-2-build-macosx-x86_64/jdk8u121/8372/hotspot/src/share/vm/prims/jni.cpp, line 709]
Event: 5.065 Thread 0x00007f926a228800 Exception <a 'java/io/FileNotFoundException'> (0x000000076d425488) thrown at [/Users/java_re/workspace/8-2-build-macosx-x86_64/jdk8u121/8372/hotspot/src/share/vm/prims/jni.cpp, line 709]
Event: 5.501 Thread 0x00007f926a228800 Exception <a 'java/io/FileNotFoundException'> (0x000000076b494f50) thrown at [/Users/java_re/workspace/8-2-build-macosx-x86_64/jdk8u121/8372/hotspot/src/share/vm/prims/jni.cpp, line 709]

Events (10 events):
Event: 5.796 loading class java/util/LinkedHashMap$LinkedKeySet
Event: 5.796 loading class java/util/LinkedHashMap$LinkedKeySet done
Event: 5.796 loading class java/util/LinkedHashMap$LinkedKeyIterator
Event: 5.796 loading class java/util/LinkedHashMap$LinkedKeyIterator done
Event: 6.062 loading class teamproj/controller/RecoController$1$3
Event: 6.062 loading class teamproj/controller/RecoController$1$3 done
Event: 6.063 Executing VM operation: RevokeBias
Event: 6.063 Executing VM operation: RevokeBias done
Event: 6.063 Thread 0x00007f926a228800 Thread exited: 0x00007f926a228800
Event: 24.389 Thread 0x00007f926b24c000 Thread added: 0x00007f926b24c000


Dynamic libraries:
0x000000003e11c000 	/System/Library/Frameworks/Cocoa.framework/Versions/A/Cocoa
0x000000003e11c000 	/System/Library/Frameworks/Security.framework/Versions/A/Security
0x000000003e11c000 	/System/Library/Frameworks/ApplicationServices.framework/Versions/A/ApplicationServices
0x000000003e11c000 	/usr/lib/libz.1.dylib
0x000000003e11c000 	/usr/lib/libSystem.B.dylib
0x000000003e11c000 	/usr/lib/libobjc.A.dylib
0x000000003e11c000 	/System/Library/Frameworks/CoreFoundation.framework/Versions/A/CoreFoundation
0x000000003e11c000 	/System/Library/Frameworks/Foundation.framework/Versions/C/Foundation
0x000000003e11c000 	/System/Library/Frameworks/AppKit.framework/Versions/C/AppKit
0x000000003e11c000 	/System/Library/Frameworks/CoreData.framework/Versions/A/CoreData
0x000000003e11c000 	/System/Library/PrivateFrameworks/RemoteViewServices.framework/Versions/A/RemoteViewServices
0x000000003e11c000 	/System/Library/PrivateFrameworks/UIFoundation.framework/Versions/A/UIFoundation
0x000000003e11c000 	/System/Library/PrivateFrameworks/DFRFoundation.framework/Versions/A/DFRFoundation
0x000000003e11c000 	/usr/lib/libenergytrace.dylib
0x000000003e11c000 	/System/Library/PrivateFrameworks/SkyLight.framework/Versions/A/SkyLight
0x000000003e11c000 	/System/Library/Frameworks/CoreGraphics.framework/Versions/A/CoreGraphics
0x000000003e11c000 	/usr/lib/libScreenReader.dylib
0x000000003e11c000 	/System/Library/Frameworks/Accelerate.framework/Versions/A/Accelerate
0x000000003e11c000 	/System/Library/Frameworks/IOSurface.framework/Versions/A/IOSurface
0x000000003e11c000 	/System/Library/Frameworks/AudioToolbox.framework/Versions/A/AudioToolbox
0x000000003e11c000 	/System/Library/Frameworks/AudioUnit.framework/Versions/A/AudioUnit
0x000000003e11c000 	/System/Library/PrivateFrameworks/DataDetectorsCore.framework/Versions/A/DataDetectorsCore
0x000000003e11c000 	/System/Library/PrivateFrameworks/DesktopServicesPriv.framework/Versions/A/DesktopServicesPriv
0x000000003e11c000 	/System/Library/Frameworks/Carbon.framework/Versions/A/Frameworks/HIToolbox.framework/Versions/A/HIToolbox
0x000000003e11c000 	/usr/lib/libicucore.A.dylib
0x000000003e11c000 	/System/Library/Frameworks/QuartzCore.framework/Versions/A/QuartzCore
0x000000003e11c000 	/System/Library/Frameworks/Carbon.framework/Versions/A/Frameworks/SpeechRecognition.framework/Versions/A/SpeechRecognition
0x000000003e11c000 	/usr/lib/libauto.dylib
0x000000003e11c000 	/usr/lib/libxml2.2.dylib
0x000000003e11c000 	/System/Library/PrivateFrameworks/CoreUI.framework/Versions/A/CoreUI
0x000000003e11c000 	/System/Library/Frameworks/CoreAudio.framework/Versions/A/CoreAudio
0x000000003e11c000 	/System/Library/Frameworks/DiskArbitration.framework/Versions/A/DiskArbitration
0x000000003e11c000 	/usr/lib/liblangid.dylib
0x000000003e11c000 	/System/Library/PrivateFrameworks/MultitouchSupport.framework/Versions/A/MultitouchSupport
0x000000003e11c000 	/System/Library/Frameworks/IOKit.framework/Versions/A/IOKit
0x000000003e11c000 	/usr/lib/libDiagnosticMessagesClient.dylib
0x000000003e11c000 	/System/Library/Frameworks/CoreServices.framework/Versions/A/CoreServices
0x000000003e11c000 	/System/Library/PrivateFrameworks/PerformanceAnalysis.framework/Versions/A/PerformanceAnalysis
0x000000003e11c000 	/System/Library/PrivateFrameworks/GenerationalStorage.framework/Versions/A/GenerationalStorage
0x000000003e11c000 	/System/Library/Frameworks/OpenGL.framework/Versions/A/OpenGL
0x000000003e11c000 	/System/Library/Frameworks/CoreImage.framework/Versions/A/CoreImage
0x000000003e11c000 	/System/Library/Frameworks/CoreText.framework/Versions/A/CoreText
0x000000003e11c000 	/System/Library/Frameworks/ImageIO.framework/Versions/A/ImageIO
0x000000003e11c000 	/System/Library/PrivateFrameworks/Backup.framework/Versions/A/Backup
0x000000003e11c000 	/usr/lib/libarchive.2.dylib
0x000000003e11c000 	/System/Library/Frameworks/CFNetwork.framework/Versions/A/CFNetwork
0x000000003e11c000 	/System/Library/Frameworks/SystemConfiguration.framework/Versions/A/SystemConfiguration
0x000000003e11c000 	/usr/lib/libCRFSuite.dylib
0x000000003e11c000 	/usr/lib/libc++.1.dylib
0x000000003e11c000 	/usr/lib/libc++abi.dylib
0x000000003e11c000 	/usr/lib/system/libcache.dylib
0x000000003e11c000 	/usr/lib/system/libcommonCrypto.dylib
0x000000003e11c000 	/usr/lib/system/libcompiler_rt.dylib
0x000000003e11c000 	/usr/lib/system/libcopyfile.dylib
0x000000003e11c000 	/usr/lib/system/libcorecrypto.dylib
0x000000003e11c000 	/usr/lib/system/libdispatch.dylib
0x000000003e11c000 	/usr/lib/system/libdyld.dylib
0x000000003e11c000 	/usr/lib/system/libkeymgr.dylib
0x000000003e11c000 	/usr/lib/system/liblaunch.dylib
0x000000003e11c000 	/usr/lib/system/libmacho.dylib
0x000000003e11c000 	/usr/lib/system/libquarantine.dylib
0x000000003e11c000 	/usr/lib/system/libremovefile.dylib
0x000000003e11c000 	/usr/lib/system/libsystem_asl.dylib
0x000000003e11c000 	/usr/lib/system/libsystem_blocks.dylib
0x000000003e11c000 	/usr/lib/system/libsystem_c.dylib
0x000000003e11c000 	/usr/lib/system/libsystem_configuration.dylib
0x000000003e11c000 	/usr/lib/system/libsystem_coreservices.dylib
0x000000003e11c000 	/usr/lib/system/libsystem_coretls.dylib
0x000000003e11c000 	/usr/lib/system/libsystem_dnssd.dylib
0x000000003e11c000 	/usr/lib/system/libsystem_info.dylib
0x000000003e11c000 	/usr/lib/system/libsystem_kernel.dylib
0x000000003e11c000 	/usr/lib/system/libsystem_m.dylib
0x000000003e11c000 	/usr/lib/system/libsystem_malloc.dylib
0x000000003e11c000 	/usr/lib/system/libsystem_network.dylib
0x000000003e11c000 	/usr/lib/system/libsystem_networkextension.dylib
0x000000003e11c000 	/usr/lib/system/libsystem_notify.dylib
0x000000003e11c000 	/usr/lib/system/libsystem_platform.dylib
0x000000003e11c000 	/usr/lib/system/libsystem_pthread.dylib
0x000000003e11c000 	/usr/lib/system/libsystem_sandbox.dylib
0x000000003e11c000 	/usr/lib/system/libsystem_secinit.dylib
0x000000003e11c000 	/usr/lib/system/libsystem_symptoms.dylib
0x000000003e11c000 	/usr/lib/system/libsystem_trace.dylib
0x000000003e11c000 	/usr/lib/system/libunwind.dylib
0x000000003e11c000 	/usr/lib/system/libxpc.dylib
0x000000003e11c000 	/usr/lib/libbsm.0.dylib
0x000000003e11c000 	/usr/lib/system/libkxld.dylib
0x000000003e11c000 	/usr/lib/libcoretls.dylib
0x000000003e11c000 	/usr/lib/libcoretls_cfhelpers.dylib
0x000000003e11c000 	/usr/lib/libOpenScriptingUtil.dylib
0x000000003e11c000 	/usr/lib/libpam.2.dylib
0x000000003e11c000 	/usr/lib/libsqlite3.dylib
0x000000003e11c000 	/usr/lib/libxar.1.dylib
0x000000003e11c000 	/usr/lib/libbz2.1.0.dylib
0x000000003e11c000 	/usr/lib/liblzma.5.dylib
0x000000003e11c000 	/usr/lib/libnetwork.dylib
0x000000003e11c000 	/usr/lib/libpcap.A.dylib
0x000000003e11c000 	/System/Library/Frameworks/CoreServices.framework/Versions/A/Frameworks/FSEvents.framework/Versions/A/FSEvents
0x000000003e11c000 	/System/Library/Frameworks/CoreServices.framework/Versions/A/Frameworks/CarbonCore.framework/Versions/A/CarbonCore
0x000000003e11c000 	/System/Library/Frameworks/CoreServices.framework/Versions/A/Frameworks/Metadata.framework/Versions/A/Metadata
0x000000003e11c000 	/System/Library/Frameworks/CoreServices.framework/Versions/A/Frameworks/OSServices.framework/Versions/A/OSServices
0x000000003e11c000 	/System/Library/Frameworks/CoreServices.framework/Versions/A/Frameworks/SearchKit.framework/Versions/A/SearchKit
0x000000003e11c000 	/System/Library/Frameworks/CoreServices.framework/Versions/A/Frameworks/AE.framework/Versions/A/AE
0x000000003e11c000 	/System/Library/Frameworks/CoreServices.framework/Versions/A/Frameworks/LaunchServices.framework/Versions/A/LaunchServices
0x000000003e11c000 	/System/Library/Frameworks/CoreServices.framework/Versions/A/Frameworks/DictionaryServices.framework/Versions/A/DictionaryServices
0x000000003e11c000 	/System/Library/Frameworks/CoreServices.framework/Versions/A/Frameworks/SharedFileList.framework/Versions/A/SharedFileList
0x000000003e11c000 	/System/Library/Frameworks/NetFS.framework/Versions/A/NetFS
0x000000003e11c000 	/System/Library/PrivateFrameworks/NetAuth.framework/Versions/A/NetAuth
0x000000003e11c000 	/System/Library/PrivateFrameworks/login.framework/Versions/A/Frameworks/loginsupport.framework/Versions/A/loginsupport
0x000000003e11c000 	/System/Library/PrivateFrameworks/TCC.framework/Versions/A/TCC
0x000000003e11c000 	/usr/lib/libmecabra.dylib
0x000000003e11c000 	/System/Library/Frameworks/ApplicationServices.framework/Versions/A/Frameworks/ATS.framework/Versions/A/ATS
0x000000003e11c000 	/System/Library/Frameworks/ApplicationServices.framework/Versions/A/Frameworks/ColorSync.framework/Versions/A/ColorSync
0x000000003e11c000 	/System/Library/Frameworks/ApplicationServices.framework/Versions/A/Frameworks/HIServices.framework/Versions/A/HIServices
0x000000003e11c000 	/System/Library/Frameworks/ApplicationServices.framework/Versions/A/Frameworks/LangAnalysis.framework/Versions/A/LangAnalysis
0x000000003e11c000 	/System/Library/Frameworks/ApplicationServices.framework/Versions/A/Frameworks/PrintCore.framework/Versions/A/PrintCore
0x000000003e11c000 	/System/Library/Frameworks/ApplicationServices.framework/Versions/A/Frameworks/QD.framework/Versions/A/QD
0x000000003e11c000 	/System/Library/Frameworks/ApplicationServices.framework/Versions/A/Frameworks/SpeechSynthesis.framework/Versions/A/SpeechSynthesis
0x000000003e11c000 	/System/Library/Frameworks/Accelerate.framework/Versions/A/Frameworks/vImage.framework/Versions/A/vImage
0x000000003e11c000 	/System/Library/Frameworks/Accelerate.framework/Versions/A/Frameworks/vecLib.framework/Versions/A/vecLib
0x000000003e11c000 	/System/Library/Frameworks/Accelerate.framework/Versions/A/Frameworks/vecLib.framework/Versions/A/libvDSP.dylib
0x000000003e11c000 	/System/Library/Frameworks/Accelerate.framework/Versions/A/Frameworks/vecLib.framework/Versions/A/libBNNS.dylib
0x000000003e11c000 	/System/Library/Frameworks/Accelerate.framework/Versions/A/Frameworks/vecLib.framework/Versions/A/libQuadrature.dylib
0x000000003e11c000 	/System/Library/Frameworks/Accelerate.framework/Versions/A/Frameworks/vecLib.framework/Versions/A/libvMisc.dylib
0x000000003e11c000 	/System/Library/Frameworks/Accelerate.framework/Versions/A/Frameworks/vecLib.framework/Versions/A/libLAPACK.dylib
0x000000003e11c000 	/System/Library/Frameworks/Accelerate.framework/Versions/A/Frameworks/vecLib.framework/Versions/A/libBLAS.dylib
0x000000003e11c000 	/System/Library/Frameworks/Accelerate.framework/Versions/A/Frameworks/vecLib.framework/Versions/A/libLinearAlgebra.dylib
0x000000003e11c000 	/System/Library/Frameworks/Accelerate.framework/Versions/A/Frameworks/vecLib.framework/Versions/A/libSparseBLAS.dylib
0x000000003e11c000 	/System/Library/Frameworks/ApplicationServices.framework/Versions/A/Frameworks/ATS.framework/Versions/A/Resources/libFontParser.dylib
0x000000003e11c000 	/System/Library/Frameworks/ApplicationServices.framework/Versions/A/Frameworks/ATS.framework/Versions/A/Resources/libFontRegistry.dylib
0x000000003e11c000 	/System/Library/Frameworks/ImageIO.framework/Versions/A/Resources/libJPEG.dylib
0x000000003e11c000 	/System/Library/Frameworks/ImageIO.framework/Versions/A/Resources/libTIFF.dylib
0x000000003e11c000 	/System/Library/Frameworks/ImageIO.framework/Versions/A/Resources/libPng.dylib
0x000000003e11c000 	/System/Library/Frameworks/ImageIO.framework/Versions/A/Resources/libGIF.dylib
0x000000003e11c000 	/System/Library/Frameworks/ImageIO.framework/Versions/A/Resources/libJP2.dylib
0x000000003e11c000 	/System/Library/Frameworks/ImageIO.framework/Versions/A/Resources/libRadiance.dylib
0x000000003e11c000 	/usr/lib/libcompression.dylib
0x000000003e11c000 	/System/Library/PrivateFrameworks/AppleJPEG.framework/Versions/A/AppleJPEG
0x000000003e11c000 	/usr/lib/libcups.2.dylib
0x000000003e11c000 	/System/Library/Frameworks/Kerberos.framework/Versions/A/Kerberos
0x000000003e11c000 	/System/Library/Frameworks/GSS.framework/Versions/A/GSS
0x000000003e11c000 	/usr/lib/libresolv.9.dylib
0x000000003e11c000 	/usr/lib/libiconv.2.dylib
0x000000003e11c000 	/System/Library/PrivateFrameworks/Heimdal.framework/Versions/A/Heimdal
0x000000003e11c000 	/usr/lib/libheimdal-asn1.dylib
0x000000003e11c000 	/System/Library/Frameworks/OpenDirectory.framework/Versions/A/OpenDirectory
0x000000003e11c000 	/System/Library/PrivateFrameworks/CommonAuth.framework/Versions/A/CommonAuth
0x000000003e11c000 	/System/Library/Frameworks/OpenDirectory.framework/Versions/A/Frameworks/CFOpenDirectory.framework/Versions/A/CFOpenDirectory
0x000000003e11c000 	/System/Library/Frameworks/SecurityFoundation.framework/Versions/A/SecurityFoundation
0x000000003e11c000 	/System/Library/PrivateFrameworks/LanguageModeling.framework/Versions/A/LanguageModeling
0x000000003e11c000 	/usr/lib/libmarisa.dylib
0x000000003e11c000 	/usr/lib/libChineseTokenizer.dylib
0x000000003e11c000 	/usr/lib/libcmph.dylib
0x000000003e11c000 	/System/Library/PrivateFrameworks/CoreEmoji.framework/Versions/A/CoreEmoji
0x000000003e11c000 	/System/Library/Frameworks/ServiceManagement.framework/Versions/A/ServiceManagement
0x000000003e11c000 	/usr/lib/libxslt.1.dylib
0x000000003e11c000 	/System/Library/Frameworks/Carbon.framework/Versions/A/Frameworks/Ink.framework/Versions/A/Ink
0x000000003e11c000 	/System/Library/PrivateFrameworks/TextureIO.framework/Versions/A/TextureIO
0x000000003e11c000 	/System/Library/Frameworks/Metal.framework/Versions/A/Metal
0x000000003e11c000 	/usr/lib/libate.dylib
0x000000003e11c000 	/System/Library/PrivateFrameworks/GPUCompiler.framework/libmetal_timestamp.dylib
0x000000003e11c000 	/System/Library/Frameworks/OpenGL.framework/Versions/A/Libraries/libCoreFSCache.dylib
0x000000003e11c000 	/System/Library/PrivateFrameworks/IOAccelerator.framework/Versions/A/IOAccelerator
0x000000003e11c000 	/System/Library/Frameworks/CoreVideo.framework/Versions/A/CoreVideo
0x000000003e11c000 	/usr/lib/libFosl_dynamic.dylib
0x000000003e11c000 	/System/Library/PrivateFrameworks/MetalPerformanceShaders.framework/Versions/A/MetalPerformanceShaders
0x000000003e11c000 	/System/Library/PrivateFrameworks/FaceCore.framework/Versions/A/FaceCore
0x000000003e11c000 	/System/Library/Frameworks/OpenCL.framework/Versions/A/OpenCL
0x000000003e11c000 	/System/Library/Frameworks/OpenGL.framework/Versions/A/Libraries/libGLU.dylib
0x000000003e11c000 	/System/Library/Frameworks/OpenGL.framework/Versions/A/Libraries/libGFXShared.dylib
0x000000003e11c000 	/System/Library/Frameworks/OpenGL.framework/Versions/A/Libraries/libGL.dylib
0x000000003e11c000 	/System/Library/Frameworks/OpenGL.framework/Versions/A/Libraries/libGLImage.dylib
0x000000003e11c000 	/System/Library/Frameworks/OpenGL.framework/Versions/A/Libraries/libCVMSPluginSupport.dylib
0x000000003e11c000 	/System/Library/Frameworks/OpenGL.framework/Versions/A/Libraries/libCoreVMClient.dylib
0x000000003e11c000 	/System/Library/PrivateFrameworks/CrashReporterSupport.framework/Versions/A/CrashReporterSupport
0x000000003e11c000 	/System/Library/PrivateFrameworks/Sharing.framework/Versions/A/Sharing
0x000000003e11c000 	/System/Library/PrivateFrameworks/IconServices.framework/Versions/A/IconServices
0x000000003e11c000 	/System/Library/PrivateFrameworks/ProtocolBuffer.framework/Versions/A/ProtocolBuffer
0x000000003e11c000 	/System/Library/PrivateFrameworks/Apple80211.framework/Versions/A/Apple80211
0x000000003e11c000 	/System/Library/Frameworks/CoreWLAN.framework/Versions/A/CoreWLAN
0x000000003e11c000 	/System/Library/PrivateFrameworks/CoreUtils.framework/Versions/A/CoreUtils
0x000000003e11c000 	/System/Library/Frameworks/IOBluetooth.framework/Versions/A/IOBluetooth
0x000000003e11c000 	/System/Library/PrivateFrameworks/CoreWiFi.framework/Versions/A/CoreWiFi
0x000000003e11c000 	/System/Library/Frameworks/CoreBluetooth.framework/Versions/A/CoreBluetooth
0x000000003e11c000 	/System/Library/Frameworks/CoreDisplay.framework/Versions/A/CoreDisplay
0x000000003e11c000 	/System/Library/PrivateFrameworks/IOPresentment.framework/Versions/A/IOPresentment
0x000000003e11c000 	/System/Library/PrivateFrameworks/DSExternalDisplay.framework/Versions/A/DSExternalDisplay
0x000000003e11c000 	/System/Library/PrivateFrameworks/DebugSymbols.framework/Versions/A/DebugSymbols
0x000000003e11c000 	/System/Library/PrivateFrameworks/CoreSymbolication.framework/Versions/A/CoreSymbolication
0x000000003e11c000 	/System/Library/PrivateFrameworks/Symbolication.framework/Versions/A/Symbolication
0x000000003e11c000 	/System/Library/PrivateFrameworks/AppleFSCompression.framework/Versions/A/AppleFSCompression
0x000000003e11c000 	/System/Library/PrivateFrameworks/SpeechRecognitionCore.framework/Versions/A/SpeechRecognitionCore
0x000000003e11c000 	/System/Library/PrivateFrameworks/ChunkingLibrary.framework/Versions/A/ChunkingLibrary
0x000000010f90b000 	/System/Library/CoreServices/Encodings/libSimplifiedChineseConverter.dylib
0x0000000110a00000 	/Library/Java/JavaVirtualMachines/jdk1.8.0_121.jdk/Contents/Home/jre/lib/server/libjvm.dylib
0x000000003e11c000 	/usr/lib/libstdc++.6.dylib
0x000000010f981000 	/Library/Java/JavaVirtualMachines/jdk1.8.0_121.jdk/Contents/Home/jre/lib/libverify.dylib
0x000000010f98f000 	/Library/Java/JavaVirtualMachines/jdk1.8.0_121.jdk/Contents/Home/jre/lib/libjava.dylib
0x000000010f9ce000 	/Library/Java/JavaVirtualMachines/jdk1.8.0_121.jdk/Contents/Home/jre/lib/libzip.dylib
0x000000012caaf000 	/System/Library/Frameworks/JavaVM.framework/Frameworks/JavaRuntimeSupport.framework/JavaRuntimeSupport
0x000000012cac9000 	/System/Library/Frameworks/JavaVM.framework/Versions/A/Frameworks/JavaNativeFoundation.framework/Versions/A/JavaNativeFoundation
0x0000000114950000 	/System/Library/Frameworks/JavaVM.framework/Versions/A/JavaVM
0x000000003e11c000 	/System/Library/Frameworks/Carbon.framework/Versions/A/Carbon
0x000000012cade000 	/System/Library/PrivateFrameworks/JavaLaunching.framework/Versions/A/JavaLaunching
0x000000003e11c000 	/System/Library/Frameworks/Carbon.framework/Versions/A/Frameworks/CommonPanels.framework/Versions/A/CommonPanels
0x000000003e11c000 	/System/Library/Frameworks/Carbon.framework/Versions/A/Frameworks/Help.framework/Versions/A/Help
0x000000003e11c000 	/System/Library/Frameworks/Carbon.framework/Versions/A/Frameworks/ImageCapture.framework/Versions/A/ImageCapture
0x000000003e11c000 	/System/Library/Frameworks/Carbon.framework/Versions/A/Frameworks/OpenScripting.framework/Versions/A/OpenScripting
0x000000003e11c000 	/System/Library/Frameworks/Carbon.framework/Versions/A/Frameworks/Print.framework/Versions/A/Print
0x000000003e11c000 	/System/Library/Frameworks/Carbon.framework/Versions/A/Frameworks/SecurityHI.framework/Versions/A/SecurityHI
0x000000012e4b0000 	/Library/Java/JavaVirtualMachines/jdk1.8.0_121.jdk/Contents/Home/jre/lib/libprism_es2.dylib
0x000000012e516000 	/System/Library/Frameworks/OpenGL.framework/Resources/GLEngine.bundle/GLEngine
0x000000003e11c000 	/System/Library/Frameworks/OpenGL.framework/Versions/A/Libraries/libGLProgrammability.dylib
0x000000012e6fb000 	/System/Library/Extensions/AppleIntelSKLGraphicsGLDriver.bundle/Contents/MacOS/AppleIntelSKLGraphicsGLDriver
0x000000003e11c000 	/System/Library/PrivateFrameworks/GPUSupport.framework/Versions/A/Libraries/libGPUSupportMercury.dylib
0x000000012f483000 	/System/Library/Extensions/AMDRadeonX4000GLDriver.bundle/Contents/MacOS/AMDRadeonX4000GLDriver
0x000000012f563000 	/System/Library/Extensions/AMDRadeonX4000GLDriver.bundle/Contents/MacOS/ATIRadeonX4000SCLib.dylib
0x000000012fb42000 	/System/Library/Frameworks/OpenGL.framework/Resources//GLRendererFloat.bundle/GLRendererFloat
0x000000003e11c000 	/System/Library/Frameworks/OpenCL.framework/Versions/A/Libraries/libcldcpuengine.dylib
0x000000003e11c000 	/usr/lib/libcrypto.0.9.8.dylib
0x000000003e11c000 	/System/Library/PrivateFrameworks/TrustEvaluationAgent.framework/Versions/A/TrustEvaluationAgent
0x000000012fbc9000 	/Library/Java/JavaVirtualMachines/jdk1.8.0_121.jdk/Contents/Home/jre/lib/libglass.dylib
0x000000003e11c000 	/System/Library/PrivateFrameworks/CoreServicesInternal.framework/Versions/A/CoreServicesInternal
0x000000003e11c000 	/System/Library/CoreServices/RawCamera.bundle/Contents/MacOS/RawCamera
0x000000003e11c000 	/System/Library/Frameworks/Accelerate.framework/Versions/A/Frameworks/vImage.framework/Versions/A/Libraries/libCGInterfaces.dylib
0x000000003e11c000 	/System/Library/PrivateFrameworks/FamilyControls.framework/Versions/A/FamilyControls
0x000000003e11c000 	/System/Library/PrivateFrameworks/CommerceKit.framework/Versions/A/Frameworks/CommerceCore.framework/Versions/A/CommerceCore
0x000000003e11c000 	/System/Library/PrivateFrameworks/SystemAdministration.framework/Versions/A/SystemAdministration
0x000000003e11c000 	/System/Library/PrivateFrameworks/AppContainer.framework/Versions/A/AppContainer
0x000000003e11c000 	/System/Library/PrivateFrameworks/SecCodeWrapper.framework/Versions/A/SecCodeWrapper
0x000000003e11c000 	/System/Library/Frameworks/DirectoryService.framework/Versions/A/DirectoryService
0x000000003e11c000 	/System/Library/PrivateFrameworks/DiskImages.framework/Versions/A/DiskImages
0x000000003e11c000 	/System/Library/PrivateFrameworks/LoginUIKit.framework/Versions/A/Frameworks/LoginUICore.framework/Versions/A/LoginUICore
0x000000003e11c000 	/usr/lib/libCoreStorage.dylib
0x000000003e11c000 	/usr/lib/libcsfde.dylib
0x000000003e11c000 	/usr/lib/libodfde.dylib
0x000000003e11c000 	/System/Library/Frameworks/DiscRecording.framework/Versions/A/DiscRecording
0x000000003e11c000 	/usr/lib/libcurl.4.dylib
0x000000003e11c000 	/System/Library/PrivateFrameworks/MediaKit.framework/Versions/A/MediaKit
0x000000003e11c000 	/System/Library/PrivateFrameworks/ProtectedCloudStorage.framework/Versions/A/ProtectedCloudStorage
0x000000003e11c000 	/System/Library/PrivateFrameworks/EFILogin.framework/Versions/A/EFILogin
0x000000003e11c000 	/usr/lib/libutil.dylib
0x000000003e11c000 	/System/Library/Frameworks/LDAP.framework/Versions/A/LDAP
0x000000003e11c000 	/usr/lib/libsasl2.2.dylib
0x000000003e11c000 	/System/Library/PrivateFrameworks/CoreDaemon.framework/Versions/B/CoreDaemon
0x000000003e11c000 	/System/Library/PrivateFrameworks/AppleSRP.framework/Versions/A/AppleSRP
0x000000003e11c000 	/System/Library/PrivateFrameworks/APFS.framework/Versions/A/APFS
0x0000000132f8f000 	/Library/Java/Extensions/libopencv_java330.dylib
0x0000000138e05000 	/usr/local/opt/ffmpeg/lib/libavcodec.57.dylib
0x000000013a0fb000 	/usr/local/opt/ffmpeg/lib/libavformat.57.dylib
0x000000013a2a7000 	/usr/local/opt/ffmpeg/lib/libavutil.55.dylib
0x000000013a30d000 	/usr/local/opt/ffmpeg/lib/libswscale.4.dylib
0x00000001302b0000 	/usr/local/opt/ffmpeg/lib/libavresample.3.dylib
0x00000001302d1000 	/System/Library/Frameworks/VideoDecodeAcceleration.framework/Versions/A/VideoDecodeAcceleration
0x000000003e11c000 	/System/Library/Frameworks/AVFoundation.framework/Versions/A/AVFoundation
0x000000003e11c000 	/System/Library/Frameworks/CoreMedia.framework/Versions/A/CoreMedia
0x000000013a38d000 	/usr/local/Cellar/ffmpeg/3.3.4/lib/libswresample.2.dylib
0x000000003e11c000 	/System/Library/Frameworks/VideoToolbox.framework/Versions/A/VideoToolbox
0x000000013a3ad000 	/usr/local/opt/x264/lib/libx264.148.dylib
0x000000013a51c000 	/usr/local/opt/lame/lib/libmp3lame.0.dylib
0x000000003e11c000 	/System/Library/Frameworks/AVFoundation.framework/Versions/A/Frameworks/AVFAudio.framework/Versions/A/AVFAudio
0x000000003e11c000 	/System/Library/Frameworks/MediaToolbox.framework/Versions/A/MediaToolbox
0x000000003e11c000 	/System/Library/PrivateFrameworks/IntlPreferences.framework/Versions/A/IntlPreferences
0x000000003e11c000 	/System/Library/Frameworks/CoreMediaIO.framework/Versions/A/CoreMediaIO
0x000000003e11c000 	/usr/lib/libspindump.dylib
0x000000003e11c000 	/usr/lib/libdscsym.dylib
0x000000003e11c000 	/System/Library/PrivateFrameworks/CoreAVCHD.framework/Versions/A/CoreAVCHD
0x000000003e11c000 	/System/Library/Frameworks/MediaAccessibility.framework/Versions/A/MediaAccessibility
0x000000003e11c000 	/System/Library/PrivateFrameworks/Mangrove.framework/Versions/A/Mangrove
0x000000003e11c000 	/System/Library/PrivateFrameworks/CoreAUC.framework/Versions/A/CoreAUC
0x000000003e11c000 	/System/Library/PrivateFrameworks/AppleVA.framework/Versions/A/AppleVA
0x000000003e11c000 	/System/Library/PrivateFrameworks/XPCService.framework/Versions/A/XPCService
0x000000003e11c000 	/System/Library/PrivateFrameworks/AppSandbox.framework/Versions/A/AppSandbox
0x000000003e11c000 	/usr/lib/libsandbox.1.dylib
0x000000003e11c000 	/usr/lib/libMatch.1.dylib
0x000000013a640000 	/Library/Java/JavaVirtualMachines/jdk1.8.0_121.jdk/Contents/Home/jre/lib/libjavafx_iio.dylib
0x00000001302d7000 	/Library/Java/JavaVirtualMachines/jdk1.8.0_121.jdk/Contents/Home/jre/lib/libjavafx_font.dylib
0x000000003e11c000 	/System/Library/Frameworks/ApplicationServices.framework/Versions/A/Frameworks/ATS.framework/Versions/A/Resources/libTrueTypeScaler.dylib
0x000000003e11c000 	/System/Library/Extensions/AMDMTLBronzeDriver.bundle/Contents/MacOS/AMDMTLBronzeDriver
0x000000003e11c000 	/System/Library/PrivateFrameworks/IOAccelMemoryInfo.framework/Versions/A/IOAccelMemoryInfo
0x000000013c308000 	/System/Library/Extensions/AppleIntelSKLGraphicsMTLDriver.bundle/Contents/MacOS/AppleIntelSKLGraphicsMTLDriver
0x000000013c4ad000 	/Library/Java/JavaVirtualMachines/jdk1.8.0_121.jdk/Contents/Home/jre/lib/libprism_common.dylib
0x000000003e11c000 	/System/Library/PrivateFrameworks/ViewBridge.framework/Versions/A/ViewBridge
0x000000013c2ea000 	/System/Library/Extensions/AppleHDA.kext/Contents/PlugIns/AppleHDAHALPlugIn.bundle/Contents/MacOS/AppleHDAHALPlugIn
0x000000014d59f000 	/System/Library/Frameworks/CoreMediaIO.framework/Resources/VDC.plugin/Contents/MacOS/VDC
0x000000014d5d0000 	/System/Library/Frameworks/CoreMediaIO.framework/Resources/CMIOUnits.bundle/Contents/MacOS/CMIOUnits
0x000000014d75d000 	/System/Library/PrivateFrameworks/FWAVC.framework/Versions/A/FWAVC
0x000000003e11c000 	/System/Library/PrivateFrameworks/AppleGVA.framework/Versions/A/AppleGVA
0x000000014e22d000 	/Library/Java/JavaVirtualMachines/jdk1.8.0_121.jdk/Contents/Home/jre/lib/libawt.dylib
0x000000014e2d5000 	/Library/Java/JavaVirtualMachines/jdk1.8.0_121.jdk/Contents/Home/jre/lib/./libmlib_image.dylib
0x000000014ea75000 	/Library/Java/JavaVirtualMachines/jdk1.8.0_121.jdk/Contents/Home/jre/lib/libawt_lwawt.dylib
0x000000014d93b000 	/Library/Java/JavaVirtualMachines/jdk1.8.0_121.jdk/Contents/Home/jre/lib/./libosxapp.dylib
0x000000003e11c000 	/System/Library/Frameworks/ExceptionHandling.framework/Versions/A/ExceptionHandling
0x000000014f222000 	/Users/chenjiaxin/.javacpp/cache/opencv-macosx-x86_64.jar/org/bytedeco/javacpp/macosx-x86_64/libopencv_core.3.1.dylib
0x0000000130dff000 	/Library/Java/JavaVirtualMachines/jdk1.8.0_121.jdk/Contents/Home/jre/lib/libnio.dylib
0x0000000130e0f000 	/Library/Java/JavaVirtualMachines/jdk1.8.0_121.jdk/Contents/Home/jre/lib/./libnet.dylib
0x000000014f4b9000 	/Users/chenjiaxin/.javacpp/cache/opencv-macosx-x86_64.jar/org/bytedeco/javacpp/macosx-x86_64/libopencv_imgproc.3.1.dylib
0x000000014f7e4000 	/Users/chenjiaxin/.javacpp/cache/opencv-macosx-x86_64.jar/org/bytedeco/javacpp/macosx-x86_64/libjniopencv_core.dylib
0x000000014f00f000 	/Users/chenjiaxin/.javacpp/cache/opencv-macosx-x86_64.jar/org/bytedeco/javacpp/macosx-x86_64/libjniopencv_imgproc.dylib
0x000000014fa53000 	/Users/chenjiaxin/.javacpp/cache/opencv-macosx-x86_64.jar/org/bytedeco/javacpp/macosx-x86_64/libopencv_imgcodecs.3.1.dylib
0x000000013c82c000 	/Users/chenjiaxin/.javacpp/cache/opencv-macosx-x86_64.jar/org/bytedeco/javacpp/macosx-x86_64/libjniopencv_imgcodecs.dylib
0x000000014f186000 	/Users/chenjiaxin/.javacpp/cache/opencv-macosx-x86_64.jar/org/bytedeco/javacpp/macosx-x86_64/libopencv_videoio.3.1.dylib
0x000000003e11c000 	/System/Library/Frameworks/QTKit.framework/Versions/A/QTKit
0x000000003e11c000 	/System/Library/PrivateFrameworks/CoreMediaAuthoring.framework/Versions/A/CoreMediaAuthoring
0x0000000130e26000 	/Users/chenjiaxin/.javacpp/cache/opencv-macosx-x86_64.jar/org/bytedeco/javacpp/macosx-x86_64/libjniopencv_videoio.dylib
0x000000014ef1d000 	/Users/chenjiaxin/.javacpp/cache/opencv-macosx-x86_64.jar/org/bytedeco/javacpp/macosx-x86_64/libopencv_highgui.3.1.dylib
0x000000014fded000 	/Users/chenjiaxin/.javacpp/cache/opencv-macosx-x86_64.jar/org/bytedeco/javacpp/macosx-x86_64/libjniopencv_highgui.dylib
0x000000014fe29000 	/Users/chenjiaxin/.javacpp/cache/opencv-macosx-x86_64.jar/org/bytedeco/javacpp/macosx-x86_64/libopencv_ml.3.1.dylib
0x000000014fee3000 	/Users/chenjiaxin/.javacpp/cache/opencv-macosx-x86_64.jar/org/bytedeco/javacpp/macosx-x86_64/libjniopencv_ml.dylib
0x000000014ff25000 	/Users/chenjiaxin/.javacpp/cache/opencv-macosx-x86_64.jar/org/bytedeco/javacpp/macosx-x86_64/libopencv_objdetect.3.1.dylib
0x000000014ff7a000 	/Users/chenjiaxin/.javacpp/cache/opencv-macosx-x86_64.jar/org/bytedeco/javacpp/macosx-x86_64/libjniopencv_objdetect.dylib
0x00000001502f1000 	/Users/chenjiaxin/.javacpp/cache/opencv-macosx-x86_64.jar/org/bytedeco/javacpp/macosx-x86_64/libopencv_face.3.1.dylib
0x00000001504d7000 	/Users/chenjiaxin/.javacpp/cache/opencv-macosx-x86_64.jar/org/bytedeco/javacpp/macosx-x86_64/libjniopencv_face.dylib

VM Arguments:
jvm_args: -Dfile.encoding=UTF-8 
java_command: /Users/chenjiaxin/Desktop/cmu1/java/team/teamProj/dist/run111257359/teamProj.jar
java_class_path (initial): /Users/chenjiaxin/Desktop/cmu1/java/team/teamProj/dist/run111257359/teamProj.jar
Launcher Type: SUN_STANDARD

Environment Variables:
PATH=/usr/bin:/bin:/usr/sbin:/sbin
LD_LIBRARY_PATH=/Library/Java/JavaVirtualMachines/jdk1.8.0_121.jdk/Contents/Home/jre/lib/amd64:/Library/Java/JavaVirtualMachines/jdk1.8.0_121.jdk/Contents/Home/jre/lib/i386:
SHELL=/bin/bash
DISPLAY=/private/tmp/com.apple.launchd.RVxNBHM6Mw/org.macosforge.xquartz:0

Signal Handlers:
SIGSEGV: [libjvm.dylib+0x5b1141], sa_mask[0]=11111111011111110111111111111111, sa_flags=SA_ONSTACK|SA_RESTART|SA_SIGINFO
SIGBUS: [libjvm.dylib+0x5b1141], sa_mask[0]=11111111011111110111111111111111, sa_flags=SA_RESTART|SA_SIGINFO
SIGFPE: [libjvm.dylib+0x487bc4], sa_mask[0]=11111111011111110111111111111111, sa_flags=SA_RESTART|SA_SIGINFO
SIGPIPE: [libjvm.dylib+0x487bc4], sa_mask[0]=11111111011111110111111111111111, sa_flags=SA_RESTART|SA_SIGINFO
SIGXFSZ: [libjvm.dylib+0x487bc4], sa_mask[0]=11111111011111110111111111111111, sa_flags=SA_RESTART|SA_SIGINFO
SIGILL: [libjvm.dylib+0x487bc4], sa_mask[0]=11111111011111110111111111111111, sa_flags=SA_RESTART|SA_SIGINFO
SIGUSR1: SIG_DFL, sa_mask[0]=00000000000000000000000000000000, sa_flags=none
SIGUSR2: [libjvm.dylib+0x4876e2], sa_mask[0]=00100000000000000000000000000000, sa_flags=SA_RESTART|SA_SIGINFO
SIGHUP: [libjvm.dylib+0x485cb9], sa_mask[0]=11111111011111110111111111111111, sa_flags=SA_RESTART|SA_SIGINFO
SIGINT: SIG_IGN, sa_mask[0]=00000000000000000000000000000000, sa_flags=none
SIGTERM: [libjvm.dylib+0x485cb9], sa_mask[0]=11111111011111110111111111111111, sa_flags=SA_RESTART|SA_SIGINFO
SIGQUIT: [libjvm.dylib+0x485cb9], sa_mask[0]=11111111011111110111111111111111, sa_flags=SA_RESTART|SA_SIGINFO


---------------  S Y S T E M  ---------------

OS:Bsduname:Darwin 16.7.0 Darwin Kernel Version 16.7.0: Thu Jun 15 17:36:27 PDT 2017; root:xnu-3789.70.16~2/RELEASE_X86_64 x86_64
rlimit: STACK 8192k, CORE 0k, NPROC 709, NOFILE 10240, AS infinity
load average:2.73 2.35 2.02

CPU:total 8 (4 cores per cpu, 2 threads per core) family 6 model 94 stepping 3, cmov, cx8, fxsr, mmx, sse, sse2, sse3, ssse3, sse4.1, sse4.2, popcnt, avx, avx2, aes, clmul, erms, rtm, 3dnowpref, lzcnt, ht, tsc, tscinvbit, bmi1, bmi2, adx

Memory: 4k page, physical 16777216k(2857392k free)

/proc/meminfo:


vm_info: Java HotSpot(TM) 64-Bit Server VM (25.121-b13) for bsd-amd64 JRE (1.8.0_121-b13), built on Dec 12 2016 20:39:32 by "java_re" with gcc 4.2.1 (Based on Apple Inc. build 5658) (LLVM build 2336.11.00)

time: Wed Nov  8 17:16:33 2017
elapsed time: 25 seconds (0d 0h 0m 25s)

