#
# A fatal error has been detected by the Java Runtime Environment:
#
#  SIGSEGV (0xb) at pc=0x00007fffc90c2057, pid=4644, tid=0x0000000000017f07
#
# JRE version: Java(TM) SE Runtime Environment (8.0_121-b13) (build 1.8.0_121-b13)
# Java VM: Java HotSpot(TM) 64-Bit Server VM (25.121-b13 mixed mode bsd-amd64 compressed oops)
# Problematic frame:
# C  [libobjc.A.dylib+0x7057]  objc_msgSend+0x17
#
# Failed to write core dump. Core dumps have been disabled. To enable core dumping, try "ulimit -c unlimited" before starting Java again
#
# If you would like to submit a bug report, please visit:
#   http://bugreport.java.com/bugreport/crash.jsp
# The crash happened outside the Java Virtual Machine in native code.
# See problematic frame for where to report the bug.
#

---------------  T H R E A D  ---------------

Current thread (0x00007fd22cc17000):  JavaThread "pool-2-thread-1" [_thread_in_native, id=98055, stack(0x000070001161c000,0x000070001171c000)]

siginfo: si_signo: 11 (SIGSEGV), si_code: 0 (unknown), si_addr: 0x0000000000000000

Registers:
RAX=0x0000000000000000, RBX=0x00007fd231528a00, RCX=0x0000000000000000, RDX=0x00000000dee9753a
RSP=0x000070001171b488, RBP=0x000070001171b4b0, RSI=0x00007fffb294b557, RDI=0xb00007fd23154364
R8 =0x0000000096d24e00, R9 =0x00007fd231528bd0, R10=0x00007ffffffffff8, R11=0x00007fd231528bd4
R12=0x0000000000000010, R13=0x000070001171b818, R14=0x0000000000000000, R15=0x0000000000000008
RIP=0x00007fffc90c2057, EFLAGS=0x0000000000010246, ERR=0x0000000000000000
  TRAPNO=0x000000000000000d

Top of Stack: (sp=0x000070001171b488)
0x000070001171b488:   000000012cfe4203 00007fffc90c2040
0x000070001171b498:   0000000000000000 00007fd22c02d280
0x000070001171b4a8:   00007fd231479ba0 000070001171b4e0
0x000070001171b4b8:   000000012cfe377b 0000000131bec5d0
0x000070001171b4c8:   00007fd22ac8a850 000070001171b550
0x000070001171b4d8:   00007fd22cc17000 000070001171b510
0x000070001171b4e8:   000000012cfd2a6e 0000000000000000
0x000070001171b4f8:   0000000000000000 0000700000000000
0x000070001171b508:   00007fd22ac8a850 000070001171b540
0x000070001171b518:   000000012cfd2e9a 0000000000000000
0x000070001171b528:   00007fd200000000 00007fd22cc171f8
0x000070001171b538:   000070001171b5c0 000070001171b580
0x000070001171b548:   000000012c7052c1 0000700002010000
0x000070001171b558:   00007fd231578bf0 0000000000000000
0x000070001171b568:   000000013b2edf08 000000013b2eed38
0x000070001171b578:   000070001171b5c0 000070001171b5d0
0x000070001171b588:   000000010e7e9cf6 000000076ada9810
0x000070001171b598:   0000000040200021 000070001171b5d0
0x000070001171b5a8:   000070001171b5d0 000000013b2edf08
0x000070001171b5b8:   00000007c00c60b0 00000006c0068268
0x000070001171b5c8:   000000076ada9810 000070001171b860
0x000070001171b5d8:   000000010eb7599c 000070001171b860
0x000070001171b5e8:   000000010eb5885c 0000000000000000
0x000070001171b5f8:   0000000000000000 d8ebe3d8e9e2d7eb
0x000070001171b608:   0000000000000000 ebe4d6e9e3d5e9e3
0x000070001171b618:   0000000000000000 ebe4d6e9e3d5e9e3
0x000070001171b628:   000000010c632b18 00007fd22cc17000
0x000070001171b638:   00000006c0d5c8e8 00000006c0058cb0
0x000070001171b648:   000000076ada7d80 00000006c0066090
0x000070001171b658:   00000006c0058c68 00000006c0066100
0x000070001171b668:   0000000000000031 00000006c0066130
0x000070001171b678:   0000000000000015 000070001171b860 

Instructions: (pc=0x00007fffc90c2057)
0x00007fffc90c2037:   84 00 00 00 00 00 0f 1f 00 48 85 ff 2e 74 62 40
0x00007fffc90c2047:   f6 c7 01 2e 75 66 49 ba f8 ff ff ff ff 7f 00 00
0x00007fffc90c2057:   4c 23 17 49 89 f3 45 23 5a 18 49 c1 e3 04 4d 03
0x00007fffc90c2067:   5a 10 49 3b 33 75 04 41 ff 63 08 49 83 3b 01 76 

Register to memory mapping:

RAX=0x0000000000000000 is an unknown value
RBX=0x00007fd231528a00 is an unknown value
RCX=0x0000000000000000 is an unknown value
RDX=0x00000000dee9753a is an unknown value
RSP=0x000070001171b488 is pointing into the stack for thread: 0x00007fd22cc17000
RBP=0x000070001171b4b0 is pointing into the stack for thread: 0x00007fd22cc17000
RSI=0x00007fffb294b557: __NSStyleNameIndexTable+0x7d19f in /System/Library/Frameworks/AppKit.framework/Versions/C/AppKit at 0x00007fffb1ce1000
RDI=0xb00007fd23154364 is an unknown value
R8 =0x0000000096d24e00 is an unknown value
R9 =0x00007fd231528bd0 is an unknown value
R10=0x00007ffffffffff8 is an unknown value
R11=0x00007fd231528bd4 is an unknown value
R12=0x0000000000000010 is an unknown value
R13=0x000070001171b818 is pointing into the stack for thread: 0x00007fd22cc17000
R14=0x0000000000000000 is an unknown value
R15=0x0000000000000008 is an unknown value


Stack: [0x000070001161c000,0x000070001171c000],  sp=0x000070001171b488,  free space=1021k
Native frames: (J=compiled Java code, j=interpreted, Vv=VM code, C=native code)
C  [libobjc.A.dylib+0x7057]  objc_msgSend+0x17
C  [libopencv_java330.dylib+0x95d77b]  _ZN12CvCaptureCAM9grabFrameEv+0x5b
C  [libopencv_java330.dylib+0x94ca6e]  _ZN2cv12VideoCapture4grabEv+0x3e
C  [libopencv_java330.dylib+0x94ce9a]  _ZN2cv12VideoCapture4readERKNS_12_OutputArrayE+0x2a
C  [libopencv_java330.dylib+0x7f2c1]  Java_org_opencv_videoio_VideoCapture_read_10+0x31
J 1451  org.opencv.videoio.VideoCapture.read_0(JJ)Z (0 bytes) @ 0x000000010e7e9cf6 [0x000000010e7e9c40+0xb6]
J 1449 C1 teamproj.RecoController.grabFrame()Lorg/opencv/core/Mat; (70 bytes) @ 0x000000010eb7599c [0x000000010eb75700+0x29c]
J 1409 C1 teamproj.RecoController$1.run()V (14 bytes) @ 0x000000010eb5ab6c [0x000000010eb5aaa0+0xcc]
J 1397 C1 java.util.concurrent.Executors$RunnableAdapter.call()Ljava/lang/Object; (14 bytes) @ 0x000000010eb51594 [0x000000010eb51480+0x114]
J 1396 C1 java.util.concurrent.FutureTask.runAndReset()Z (128 bytes) @ 0x000000010eb5096c [0x000000010eb50700+0x26c]
J 1446 C1 java.util.concurrent.ScheduledThreadPoolExecutor$ScheduledFutureTask.run()V (59 bytes) @ 0x000000010e7f0654 [0x000000010e7f0120+0x534]
j  java.util.concurrent.ThreadPoolExecutor.runWorker(Ljava/util/concurrent/ThreadPoolExecutor$Worker;)V+95
j  java.util.concurrent.ThreadPoolExecutor$Worker.run()V+5
j  java.lang.Thread.run()V+11
v  ~StubRoutines::call_stub
V  [libjvm.dylib+0x2ed9d6]
V  [libjvm.dylib+0x2ee164]
V  [libjvm.dylib+0x2ee310]
V  [libjvm.dylib+0x348a5d]
V  [libjvm.dylib+0x56ab0f]
V  [libjvm.dylib+0x56c1fc]
V  [libjvm.dylib+0x48a5b2]
C  [libsystem_pthread.dylib+0x393b]  _pthread_body+0xb4
C  [libsystem_pthread.dylib+0x3887]  _pthread_body+0x0
C  [libsystem_pthread.dylib+0x308d]  thread_start+0xd
C  0x0000000000000000

Java frames: (J=compiled Java code, j=interpreted, Vv=VM code)
J 1451  org.opencv.videoio.VideoCapture.read_0(JJ)Z (0 bytes) @ 0x000000010e7e9c84 [0x000000010e7e9c40+0x44]
J 1449 C1 teamproj.RecoController.grabFrame()Lorg/opencv/core/Mat; (70 bytes) @ 0x000000010eb7599c [0x000000010eb75700+0x29c]
J 1409 C1 teamproj.RecoController$1.run()V (14 bytes) @ 0x000000010eb5ab6c [0x000000010eb5aaa0+0xcc]
J 1397 C1 java.util.concurrent.Executors$RunnableAdapter.call()Ljava/lang/Object; (14 bytes) @ 0x000000010eb51594 [0x000000010eb51480+0x114]
J 1396 C1 java.util.concurrent.FutureTask.runAndReset()Z (128 bytes) @ 0x000000010eb5096c [0x000000010eb50700+0x26c]
J 1446 C1 java.util.concurrent.ScheduledThreadPoolExecutor$ScheduledFutureTask.run()V (59 bytes) @ 0x000000010e7f0654 [0x000000010e7f0120+0x534]
j  java.util.concurrent.ThreadPoolExecutor.runWorker(Ljava/util/concurrent/ThreadPoolExecutor$Worker;)V+95
j  java.util.concurrent.ThreadPoolExecutor$Worker.run()V+5
j  java.lang.Thread.run()V+11
v  ~StubRoutines::call_stub

---------------  P R O C E S S  ---------------

Java Threads: ( => current thread )
  0x00007fd22c874800 JavaThread "pool-3-thread-1" [_thread_in_native, id=60959, stack(0x00007000119a8000,0x0000700011aa8000)]
  0x00007fd22b268800 JavaThread "Java2D Disposer" daemon [_thread_blocked, id=99863, stack(0x0000700011822000,0x0000700011922000)]
  0x00007fd22b0ab000 JavaThread "Java2D Queue Flusher" daemon [_thread_blocked, id=100103, stack(0x000070001171f000,0x000070001181f000)]
=>0x00007fd22cc17000 JavaThread "pool-2-thread-1" [_thread_in_native, id=98055, stack(0x000070001161c000,0x000070001171c000)]
  0x00007fd22c988000 JavaThread "Prism Font Disposer" daemon [_thread_blocked, id=59803, stack(0x000070001107e000,0x000070001117e000)]
  0x00007fd22e802000 JavaThread "JavaFX-Launcher" [_thread_blocked, id=58371, stack(0x0000700010f7b000,0x000070001107b000)]
  0x00007fd22b108800 JavaThread "Thread-3" daemon [_thread_in_native, id=42243, stack(0x0000700010e75000,0x0000700010ef5000)]
  0x00007fd22c92f800 JavaThread "JavaFX Application Thread" [_thread_in_native, id=775, stack(0x00007fff56be3000,0x00007fff573e3000)]
  0x00007fd22b0f8800 JavaThread "Thread-1" daemon [_thread_blocked, id=28931, stack(0x0000700010d72000,0x0000700010e72000)]
  0x00007fd22b896800 JavaThread "QuantumRenderer-0" daemon [_thread_blocked, id=22019, stack(0x0000700010c6f000,0x0000700010d6f000)]
  0x00007fd22c84c000 JavaThread "Service Thread" daemon [_thread_blocked, id=20995, stack(0x0000700010a69000,0x0000700010b69000)]
  0x00007fd22e001000 JavaThread "C1 CompilerThread3" daemon [_thread_blocked, id=20483, stack(0x0000700010966000,0x0000700010a66000)]
  0x00007fd22d83f800 JavaThread "C2 CompilerThread2" daemon [_thread_blocked, id=19971, stack(0x0000700010863000,0x0000700010963000)]
  0x00007fd22c827000 JavaThread "C2 CompilerThread1" daemon [_thread_blocked, id=19459, stack(0x0000700010760000,0x0000700010860000)]
  0x00007fd22d83d000 JavaThread "C2 CompilerThread0" daemon [_thread_blocked, id=18947, stack(0x000070001065d000,0x000070001075d000)]
  0x00007fd22d83c000 JavaThread "Signal Dispatcher" daemon [_thread_blocked, id=18435, stack(0x000070001055a000,0x000070001065a000)]
  0x00007fd22c846000 JavaThread "Finalizer" daemon [_thread_blocked, id=14595, stack(0x0000700010457000,0x0000700010557000)]
  0x00007fd22b808800 JavaThread "Reference Handler" daemon [_thread_blocked, id=14083, stack(0x0000700010354000,0x0000700010454000)]
  0x00007fd22d001800 JavaThread "main" [_thread_blocked, id=7171, stack(0x000070000f936000,0x000070000fa36000)]

Other Threads:
  0x00007fd22d80d000 VMThread [stack: 0x0000700010251000,0x0000700010351000] [id=13571]
  0x00007fd22c829800 WatcherThread [stack: 0x0000700010b6c000,0x0000700010c6c000] [id=21507]

VM state:not at safepoint (normal execution)

VM Mutex/Monitor currently owned by a thread: None

Heap:
 PSYoungGen      total 67072K, used 41696K [0x000000076ab00000, 0x000000076fe00000, 0x00000007c0000000)
  eden space 51200K, 65% used [0x000000076ab00000,0x000000076cb97260,0x000000076dd00000)
  from space 15872K, 52% used [0x000000076ee80000,0x000000076f6a1030,0x000000076fe00000)
  to   space 16896K, 0% used [0x000000076dd00000,0x000000076dd00000,0x000000076ed80000)
 ParOldGen       total 175104K, used 13842K [0x00000006c0000000, 0x00000006cab00000, 0x000000076ab00000)
  object space 175104K, 7% used [0x00000006c0000000,0x00000006c0d848e8,0x00000006cab00000)
 Metaspace       used 15086K, capacity 15636K, committed 16000K, reserved 1062912K
  class space    used 1972K, capacity 2115K, committed 2176K, reserved 1048576K

Card table byte_map: [0x000000010ad62000,0x000000010b563000] byte_map_base: 0x0000000107762000

Marking Bits: (ParMarkBitMap*) 0x000000010a2f0d30
 Begin Bits: [0x000000011d6c4000, 0x00000001216c4000)
 End Bits:   [0x00000001216c4000, 0x00000001256c4000)

Polling page: 0x0000000108923000

CodeCache: size=245760Kb used=5185Kb max_used=5185Kb free=240574Kb
 bounds [0x000000010e6c4000, 0x000000010ebe4000, 0x000000011d6c4000]
 total_blobs=2518 nmethods=1658 adapters=773
 compilation: enabled

Compilation events (10 events):
Event: 38.289 Thread 0x00007fd22e001000 1771       3       com.sun.prism.es2.ES2Texture::getNativeSourceHandle (17 bytes)
Event: 38.289 Thread 0x00007fd22e001000 nmethod 1771 0x000000010ebd2ad0 code [0x000000010ebd2c80, 0x000000010ebd3308]
Event: 38.289 Thread 0x00007fd22e001000 1773       1       com.sun.prism.impl.BaseGraphics::getClipRectIndex (5 bytes)
Event: 38.289 Thread 0x00007fd22e001000 nmethod 1773 0x000000010ebd3510 code [0x000000010ebd3660, 0x000000010ebd3770]
Event: 38.299 Thread 0x00007fd22e001000 1774       3       javafx.scene.Scene::getCamera (22 bytes)
Event: 38.299 Thread 0x00007fd22e001000 nmethod 1774 0x000000010ebd37d0 code [0x000000010ebd3960, 0x000000010ebd3cc8]
Event: 38.299 Thread 0x00007fd22e001000 1775       3       javafx.scene.Node::preprocessMouseEvent (114 bytes)
Event: 38.301 Thread 0x00007fd22e001000 nmethod 1775 0x000000010ebd3d90 code [0x000000010ebd4100, 0x000000010ebd6288]
Event: 38.301 Thread 0x00007fd22e001000 1776       1       com.sun.javafx.scene.SceneEventDispatcher::getLastDispatcher (5 bytes)
Event: 38.301 Thread 0x00007fd22e001000 nmethod 1776 0x000000010ebd7110 code [0x000000010ebd7260, 0x000000010ebd7370]

GC Heap History (10 events):
Event: 37.958 GC heap before
{Heap before GC invocations=130 (full 0):
 PSYoungGen      total 67584K, used 65763K [0x000000076ab00000, 0x0000000770500000, 0x00000007c0000000)
  eden space 56320K, 97% used [0x000000076ab00000,0x000000076e084c80,0x000000076e200000)
  from space 11264K, 97% used [0x000000076e300000,0x000000076edb4030,0x000000076ee00000)
  to   space 17920K, 0% used [0x000000076f380000,0x000000076f380000,0x0000000770500000)
 ParOldGen       total 175104K, used 13722K [0x00000006c0000000, 0x00000006cab00000, 0x000000076ab00000)
  object space 175104K, 7% used [0x00000006c0000000,0x00000006c0d668e8,0x00000006cab00000)
 Metaspace       used 15069K, capacity 15636K, committed 16000K, reserved 1062912K
  class space    used 1972K, capacity 2115K, committed 2176K, reserved 1048576K
Event: 37.960 GC heap after
Heap after GC invocations=130 (full 0):
 PSYoungGen      total 72192K, used 128K [0x000000076ab00000, 0x0000000770400000, 0x00000007c0000000)
  eden space 55296K, 0% used [0x000000076ab00000,0x000000076ab00000,0x000000076e100000)
  from space 16896K, 0% used [0x000000076f380000,0x000000076f3a0000,0x0000000770400000)
  to   space 17920K, 0% used [0x000000076e100000,0x000000076e100000,0x000000076f280000)
 ParOldGen       total 175104K, used 13738K [0x00000006c0000000, 0x00000006cab00000, 0x000000076ab00000)
  object space 175104K, 7% used [0x00000006c0000000,0x00000006c0d6a8e8,0x00000006cab00000)
 Metaspace       used 15069K, capacity 15636K, committed 16000K, reserved 1062912K
  class space    used 1972K, capacity 2115K, committed 2176K, reserved 1048576K
}
Event: 38.086 GC heap before
{Heap before GC invocations=131 (full 0):
 PSYoungGen      total 72192K, used 54120K [0x000000076ab00000, 0x0000000770400000, 0x00000007c0000000)
  eden space 55296K, 97% used [0x000000076ab00000,0x000000076dfba160,0x000000076e100000)
  from space 16896K, 0% used [0x000000076f380000,0x000000076f3a0000,0x0000000770400000)
  to   space 17920K, 0% used [0x000000076e100000,0x000000076e100000,0x000000076f280000)
 ParOldGen       total 175104K, used 13738K [0x00000006c0000000, 0x00000006cab00000, 0x000000076ab00000)
  object space 175104K, 7% used [0x00000006c0000000,0x00000006c0d6a8e8,0x00000006cab00000)
 Metaspace       used 15071K, capacity 15636K, committed 16000K, reserved 1062912K
  class space    used 1972K, capacity 2115K, committed 2176K, reserved 1048576K
Event: 38.087 GC heap after
Heap after GC invocations=131 (full 0):
 PSYoungGen      total 57344K, used 2892K [0x000000076ab00000, 0x0000000770200000, 0x00000007c0000000)
  eden space 54272K, 0% used [0x000000076ab00000,0x000000076ab00000,0x000000076e000000)
  from space 3072K, 94% used [0x000000076e100000,0x000000076e3d3010,0x000000076e400000)
  to   space 17408K, 0% used [0x000000076f100000,0x000000076f100000,0x0000000770200000)
 ParOldGen       total 175104K, used 13762K [0x00000006c0000000, 0x00000006cab00000, 0x000000076ab00000)
  object space 175104K, 7% used [0x00000006c0000000,0x00000006c0d708e8,0x00000006cab00000)
 Metaspace       used 15071K, capacity 15636K, committed 16000K, reserved 1062912K
  class space    used 1972K, capacity 2115K, committed 2176K, reserved 1048576K
}
Event: 38.232 GC heap before
{Heap before GC invocations=132 (full 0):
 PSYoungGen      total 57344K, used 56949K [0x000000076ab00000, 0x0000000770200000, 0x00000007c0000000)
  eden space 54272K, 99% used [0x000000076ab00000,0x000000076dfca588,0x000000076e000000)
  from space 3072K, 94% used [0x000000076e100000,0x000000076e3d3010,0x000000076e400000)
  to   space 17408K, 0% used [0x000000076f100000,0x000000076f100000,0x0000000770200000)
 ParOldGen       total 175104K, used 13762K [0x00000006c0000000, 0x00000006cab00000, 0x000000076ab00000)
  object space 175104K, 7% used [0x00000006c0000000,0x00000006c0d708e8,0x00000006cab00000)
 Metaspace       used 15075K, capacity 15636K, committed 16000K, reserved 1062912K
  class space    used 1972K, capacity 2115K, committed 2176K, reserved 1048576K
Event: 38.233 GC heap after
Heap after GC invocations=132 (full 0):
 PSYoungGen      total 69632K, used 8324K [0x000000076ab00000, 0x0000000770100000, 0x00000007c0000000)
  eden space 53248K, 0% used [0x000000076ab00000,0x000000076ab00000,0x000000076df00000)
  from space 16384K, 50% used [0x000000076f100000,0x000000076f921030,0x0000000770100000)
  to   space 17408K, 0% used [0x000000076df00000,0x000000076df00000,0x000000076f000000)
 ParOldGen       total 175104K, used 13794K [0x00000006c0000000, 0x00000006cab00000, 0x000000076ab00000)
  object space 175104K, 7% used [0x00000006c0000000,0x00000006c0d788e8,0x00000006cab00000)
 Metaspace       used 15075K, capacity 15636K, committed 16000K, reserved 1062912K
  class space    used 1972K, capacity 2115K, committed 2176K, reserved 1048576K
}
Event: 38.362 GC heap before
{Heap before GC invocations=133 (full 0):
 PSYoungGen      total 69632K, used 59721K [0x000000076ab00000, 0x0000000770100000, 0x00000007c0000000)
  eden space 53248K, 96% used [0x000000076ab00000,0x000000076dd315d8,0x000000076df00000)
  from space 16384K, 50% used [0x000000076f100000,0x000000076f921030,0x0000000770100000)
  to   space 17408K, 0% used [0x000000076df00000,0x000000076df00000,0x000000076f000000)
 ParOldGen       total 175104K, used 13794K [0x00000006c0000000, 0x00000006cab00000, 0x000000076ab00000)
  object space 175104K, 7% used [0x00000006c0000000,0x00000006c0d788e8,0x00000006cab00000)
 Metaspace       used 15086K, capacity 15636K, committed 16000K, reserved 1062912K
  class space    used 1972K, capacity 2115K, committed 2176K, reserved 1048576K
Event: 38.364 GC heap after
Heap after GC invocations=133 (full 0):
 PSYoungGen      total 60928K, used 8324K [0x000000076ab00000, 0x000000076ff00000, 0x00000007c0000000)
  eden space 52224K, 0% used [0x000000076ab00000,0x000000076ab00000,0x000000076de00000)
  from space 8704K, 95% used [0x000000076df00000,0x000000076e721030,0x000000076e780000)
  to   space 16896K, 0% used [0x000000076ee80000,0x000000076ee80000,0x000000076ff00000)
 ParOldGen       total 175104K, used 13810K [0x00000006c0000000, 0x00000006cab00000, 0x000000076ab00000)
  object space 175104K, 7% used [0x00000006c0000000,0x00000006c0d7c8e8,0x00000006cab00000)
 Metaspace       used 15086K, capacity 15636K, committed 16000K, reserved 1062912K
  class space    used 1972K, capacity 2115K, committed 2176K, reserved 1048576K
}
Event: 38.503 GC heap before
{Heap before GC invocations=134 (full 0):
 PSYoungGen      total 60928K, used 59704K [0x000000076ab00000, 0x000000076ff00000, 0x00000007c0000000)
  eden space 52224K, 98% used [0x000000076ab00000,0x000000076dd2d260,0x000000076de00000)
  from space 8704K, 95% used [0x000000076df00000,0x000000076e721030,0x000000076e780000)
  to   space 16896K, 0% used [0x000000076ee80000,0x000000076ee80000,0x000000076ff00000)
 ParOldGen       total 175104K, used 13810K [0x00000006c0000000, 0x00000006cab00000, 0x000000076ab00000)
  object space 175104K, 7% used [0x00000006c0000000,0x00000006c0d7c8e8,0x00000006cab00000)
 Metaspace       used 15086K, capacity 15636K, committed 16000K, reserved 1062912K
  class space    used 1972K, capacity 2115K, committed 2176K, reserved 1048576K
Event: 38.504 GC heap after
Heap after GC invocations=134 (full 0):
 PSYoungGen      total 67072K, used 8324K [0x000000076ab00000, 0x000000076fe00000, 0x00000007c0000000)
  eden space 51200K, 0% used [0x000000076ab00000,0x000000076ab00000,0x000000076dd00000)
  from space 15872K, 52% used [0x000000076ee80000,0x000000076f6a1030,0x000000076fe00000)
  to   space 16896K, 0% used [0x000000076dd00000,0x000000076dd00000,0x000000076ed80000)
 ParOldGen       total 175104K, used 13842K [0x00000006c0000000, 0x00000006cab00000, 0x000000076ab00000)
  object space 175104K, 7% used [0x00000006c0000000,0x00000006c0d848e8,0x00000006cab00000)
 Metaspace       used 15086K, capacity 15636K, committed 16000K, reserved 1062912K
  class space    used 1972K, capacity 2115K, committed 2176K, reserved 1048576K
}

Deoptimization events (10 events):
Event: 0.597 Thread 0x00007fd22c92f800 Uncommon trap: reason=class_check action=maybe_recompile pc=0x000000010e8fc084 method=java.io.DataInputStream.readShort()S @ 4
Event: 0.597 Thread 0x00007fd22c92f800 Uncommon trap: reason=class_check action=maybe_recompile pc=0x000000010e8fc084 method=java.io.DataInputStream.readShort()S @ 4
Event: 0.597 Thread 0x00007fd22c92f800 Uncommon trap: reason=class_check action=maybe_recompile pc=0x000000010e8fc084 method=java.io.DataInputStream.readShort()S @ 4
Event: 0.602 Thread 0x00007fd22c92f800 Uncommon trap: reason=class_check action=maybe_recompile pc=0x000000010e7e5cdc method=java.lang.String.equals(Ljava/lang/Object;)Z @ 8
Event: 0.602 Thread 0x00007fd22c92f800 Uncommon trap: reason=class_check action=maybe_recompile pc=0x000000010e7e5cdc method=java.lang.String.equals(Ljava/lang/Object;)Z @ 8
Event: 0.602 Thread 0x00007fd22c92f800 Uncommon trap: reason=class_check action=maybe_recompile pc=0x000000010e7e5cdc method=java.lang.String.equals(Ljava/lang/Object;)Z @ 8
Event: 0.603 Thread 0x00007fd22c92f800 Uncommon trap: reason=class_check action=maybe_recompile pc=0x000000010e7e5cdc method=java.lang.String.equals(Ljava/lang/Object;)Z @ 8
Event: 0.831 Thread 0x00007fd22c92f800 Uncommon trap: reason=unstable_if action=reinterpret pc=0x000000010e8d7660 method=java.lang.CharacterData.of(I)Ljava/lang/CharacterData; @ 4
Event: 2.439 Thread 0x00007fd22c92f800 Uncommon trap: reason=unstable_if action=reinterpret pc=0x000000010e9fb144 method=jdk.internal.org.objectweb.asm.Type.getArgumentsAndReturnSizes(Ljava/lang/String;)I @ 47
Event: 2.711 Thread 0x00007fd22cc17000 Uncommon trap: reason=unstable_if action=reinterpret pc=0x000000010ea81f84 method=com.sun.javafx.image.impl.IntTo4ByteSameConverter.doConvert([III[BIIII)V @ 29

Internal exceptions (10 events):
Event: 38.265 Thread 0x00007fd22c874800 Exception <a 'org/opencv/core/CvException': cv::Exception: /Users/chenjiaxin/Downloads/opencv-3.3.0/modules/objdetect/src/cascadedetect.cpp:1698: error: (-215) !empty() in function detectMultiScale
> (0x000000076ae848e0) thrown at [/Users/java_re/workspac
Event: 38.296 Thread 0x00007fd22c874800 Exception <a 'org/opencv/core/CvException': cv::Exception: /Users/chenjiaxin/Downloads/opencv-3.3.0/modules/objdetect/src/cascadedetect.cpp:1698: error: (-215) !empty() in function detectMultiScale
> (0x000000076ae867d8) thrown at [/Users/java_re/workspac
Event: 38.327 Thread 0x00007fd22c874800 Exception <a 'org/opencv/core/CvException': cv::Exception: /Users/chenjiaxin/Downloads/opencv-3.3.0/modules/objdetect/src/cascadedetect.cpp:1698: error: (-215) !empty() in function detectMultiScale
> (0x000000076ae886d0) thrown at [/Users/java_re/workspac
Event: 38.361 Thread 0x00007fd22c874800 Exception <a 'org/opencv/core/CvException': cv::Exception: /Users/chenjiaxin/Downloads/opencv-3.3.0/modules/objdetect/src/cascadedetect.cpp:1698: error: (-215) !empty() in function detectMultiScale
> (0x000000076ae8a5c8) thrown at [/Users/java_re/workspac
Event: 38.406 Thread 0x00007fd22c874800 Exception <a 'org/opencv/core/CvException': cv::Exception: /Users/chenjiaxin/Downloads/opencv-3.3.0/modules/objdetect/src/cascadedetect.cpp:1698: error: (-215) !empty() in function detectMultiScale
> (0x000000076ae848e0) thrown at [/Users/java_re/workspac
Event: 38.438 Thread 0x00007fd22c874800 Exception <a 'org/opencv/core/CvException': cv::Exception: /Users/chenjiaxin/Downloads/opencv-3.3.0/modules/objdetect/src/cascadedetect.cpp:1698: error: (-215) !empty() in function detectMultiScale
> (0x000000076ae867d8) thrown at [/Users/java_re/workspac
Event: 38.469 Thread 0x00007fd22c874800 Exception <a 'org/opencv/core/CvException': cv::Exception: /Users/chenjiaxin/Downloads/opencv-3.3.0/modules/objdetect/src/cascadedetect.cpp:1698: error: (-215) !empty() in function detectMultiScale
> (0x000000076ae886d0) thrown at [/Users/java_re/workspac
Event: 38.502 Thread 0x00007fd22c874800 Exception <a 'org/opencv/core/CvException': cv::Exception: /Users/chenjiaxin/Downloads/opencv-3.3.0/modules/objdetect/src/cascadedetect.cpp:1698: error: (-215) !empty() in function detectMultiScale
> (0x000000076ae8a5c8) thrown at [/Users/java_re/workspac
Event: 38.536 Thread 0x00007fd22c874800 Exception <a 'org/opencv/core/CvException': cv::Exception: /Users/chenjiaxin/Downloads/opencv-3.3.0/modules/objdetect/src/cascadedetect.cpp:1698: error: (-215) !empty() in function detectMultiScale
> (0x000000076ae848e0) thrown at [/Users/java_re/workspac
Event: 38.570 Thread 0x00007fd22c874800 Exception <a 'org/opencv/core/CvException': cv::Exception: /Users/chenjiaxin/Downloads/opencv-3.3.0/modules/objdetect/src/cascadedetect.cpp:1698: error: (-215) !empty() in function detectMultiScale
> (0x000000076ae867d8) thrown at [/Users/java_re/workspac

Events (10 events):
Event: 37.958 Executing VM operation: ParallelGCFailedAllocation
Event: 37.960 Executing VM operation: ParallelGCFailedAllocation done
Event: 38.086 Executing VM operation: ParallelGCFailedAllocation
Event: 38.087 Executing VM operation: ParallelGCFailedAllocation done
Event: 38.232 Executing VM operation: ParallelGCFailedAllocation
Event: 38.233 Executing VM operation: ParallelGCFailedAllocation done
Event: 38.362 Executing VM operation: ParallelGCFailedAllocation
Event: 38.364 Executing VM operation: ParallelGCFailedAllocation done
Event: 38.503 Executing VM operation: ParallelGCFailedAllocation
Event: 38.504 Executing VM operation: ParallelGCFailedAllocation done


Dynamic libraries:
0x000000003ee30000 	/System/Library/Frameworks/Cocoa.framework/Versions/A/Cocoa
0x000000003ee30000 	/System/Library/Frameworks/Security.framework/Versions/A/Security
0x000000003ee30000 	/System/Library/Frameworks/ApplicationServices.framework/Versions/A/ApplicationServices
0x000000003ee30000 	/usr/lib/libz.1.dylib
0x000000003ee30000 	/usr/lib/libSystem.B.dylib
0x000000003ee30000 	/usr/lib/libobjc.A.dylib
0x000000003ee30000 	/System/Library/Frameworks/CoreFoundation.framework/Versions/A/CoreFoundation
0x000000003ee30000 	/System/Library/Frameworks/Foundation.framework/Versions/C/Foundation
0x000000003ee30000 	/System/Library/Frameworks/AppKit.framework/Versions/C/AppKit
0x000000003ee30000 	/System/Library/Frameworks/CoreData.framework/Versions/A/CoreData
0x000000003ee30000 	/System/Library/PrivateFrameworks/RemoteViewServices.framework/Versions/A/RemoteViewServices
0x000000003ee30000 	/System/Library/PrivateFrameworks/UIFoundation.framework/Versions/A/UIFoundation
0x000000003ee30000 	/System/Library/PrivateFrameworks/DFRFoundation.framework/Versions/A/DFRFoundation
0x000000003ee30000 	/usr/lib/libenergytrace.dylib
0x000000003ee30000 	/System/Library/PrivateFrameworks/SkyLight.framework/Versions/A/SkyLight
0x000000003ee30000 	/System/Library/Frameworks/CoreGraphics.framework/Versions/A/CoreGraphics
0x000000003ee30000 	/usr/lib/libScreenReader.dylib
0x000000003ee30000 	/System/Library/Frameworks/Accelerate.framework/Versions/A/Accelerate
0x000000003ee30000 	/System/Library/Frameworks/IOSurface.framework/Versions/A/IOSurface
0x000000003ee30000 	/System/Library/Frameworks/AudioToolbox.framework/Versions/A/AudioToolbox
0x000000003ee30000 	/System/Library/Frameworks/AudioUnit.framework/Versions/A/AudioUnit
0x000000003ee30000 	/System/Library/PrivateFrameworks/DataDetectorsCore.framework/Versions/A/DataDetectorsCore
0x000000003ee30000 	/System/Library/PrivateFrameworks/DesktopServicesPriv.framework/Versions/A/DesktopServicesPriv
0x000000003ee30000 	/System/Library/Frameworks/Carbon.framework/Versions/A/Frameworks/HIToolbox.framework/Versions/A/HIToolbox
0x000000003ee30000 	/usr/lib/libicucore.A.dylib
0x000000003ee30000 	/System/Library/Frameworks/QuartzCore.framework/Versions/A/QuartzCore
0x000000003ee30000 	/System/Library/Frameworks/Carbon.framework/Versions/A/Frameworks/SpeechRecognition.framework/Versions/A/SpeechRecognition
0x000000003ee30000 	/usr/lib/libauto.dylib
0x000000003ee30000 	/usr/lib/libxml2.2.dylib
0x000000003ee30000 	/System/Library/PrivateFrameworks/CoreUI.framework/Versions/A/CoreUI
0x000000003ee30000 	/System/Library/Frameworks/CoreAudio.framework/Versions/A/CoreAudio
0x000000003ee30000 	/System/Library/Frameworks/DiskArbitration.framework/Versions/A/DiskArbitration
0x000000003ee30000 	/usr/lib/liblangid.dylib
0x000000003ee30000 	/System/Library/PrivateFrameworks/MultitouchSupport.framework/Versions/A/MultitouchSupport
0x000000003ee30000 	/System/Library/Frameworks/IOKit.framework/Versions/A/IOKit
0x000000003ee30000 	/usr/lib/libDiagnosticMessagesClient.dylib
0x000000003ee30000 	/System/Library/Frameworks/CoreServices.framework/Versions/A/CoreServices
0x000000003ee30000 	/System/Library/PrivateFrameworks/PerformanceAnalysis.framework/Versions/A/PerformanceAnalysis
0x000000003ee30000 	/System/Library/PrivateFrameworks/GenerationalStorage.framework/Versions/A/GenerationalStorage
0x000000003ee30000 	/System/Library/Frameworks/OpenGL.framework/Versions/A/OpenGL
0x000000003ee30000 	/System/Library/Frameworks/CoreImage.framework/Versions/A/CoreImage
0x000000003ee30000 	/System/Library/Frameworks/CoreText.framework/Versions/A/CoreText
0x000000003ee30000 	/System/Library/Frameworks/ImageIO.framework/Versions/A/ImageIO
0x000000003ee30000 	/System/Library/PrivateFrameworks/Backup.framework/Versions/A/Backup
0x000000003ee30000 	/usr/lib/libarchive.2.dylib
0x000000003ee30000 	/System/Library/Frameworks/CFNetwork.framework/Versions/A/CFNetwork
0x000000003ee30000 	/System/Library/Frameworks/SystemConfiguration.framework/Versions/A/SystemConfiguration
0x000000003ee30000 	/usr/lib/libCRFSuite.dylib
0x000000003ee30000 	/usr/lib/libc++.1.dylib
0x000000003ee30000 	/usr/lib/libc++abi.dylib
0x000000003ee30000 	/usr/lib/system/libcache.dylib
0x000000003ee30000 	/usr/lib/system/libcommonCrypto.dylib
0x000000003ee30000 	/usr/lib/system/libcompiler_rt.dylib
0x000000003ee30000 	/usr/lib/system/libcopyfile.dylib
0x000000003ee30000 	/usr/lib/system/libcorecrypto.dylib
0x000000003ee30000 	/usr/lib/system/libdispatch.dylib
0x000000003ee30000 	/usr/lib/system/libdyld.dylib
0x000000003ee30000 	/usr/lib/system/libkeymgr.dylib
0x000000003ee30000 	/usr/lib/system/liblaunch.dylib
0x000000003ee30000 	/usr/lib/system/libmacho.dylib
0x000000003ee30000 	/usr/lib/system/libquarantine.dylib
0x000000003ee30000 	/usr/lib/system/libremovefile.dylib
0x000000003ee30000 	/usr/lib/system/libsystem_asl.dylib
0x000000003ee30000 	/usr/lib/system/libsystem_blocks.dylib
0x000000003ee30000 	/usr/lib/system/libsystem_c.dylib
0x000000003ee30000 	/usr/lib/system/libsystem_configuration.dylib
0x000000003ee30000 	/usr/lib/system/libsystem_coreservices.dylib
0x000000003ee30000 	/usr/lib/system/libsystem_coretls.dylib
0x000000003ee30000 	/usr/lib/system/libsystem_dnssd.dylib
0x000000003ee30000 	/usr/lib/system/libsystem_info.dylib
0x000000003ee30000 	/usr/lib/system/libsystem_kernel.dylib
0x000000003ee30000 	/usr/lib/system/libsystem_m.dylib
0x000000003ee30000 	/usr/lib/system/libsystem_malloc.dylib
0x000000003ee30000 	/usr/lib/system/libsystem_network.dylib
0x000000003ee30000 	/usr/lib/system/libsystem_networkextension.dylib
0x000000003ee30000 	/usr/lib/system/libsystem_notify.dylib
0x000000003ee30000 	/usr/lib/system/libsystem_platform.dylib
0x000000003ee30000 	/usr/lib/system/libsystem_pthread.dylib
0x000000003ee30000 	/usr/lib/system/libsystem_sandbox.dylib
0x000000003ee30000 	/usr/lib/system/libsystem_secinit.dylib
0x000000003ee30000 	/usr/lib/system/libsystem_symptoms.dylib
0x000000003ee30000 	/usr/lib/system/libsystem_trace.dylib
0x000000003ee30000 	/usr/lib/system/libunwind.dylib
0x000000003ee30000 	/usr/lib/system/libxpc.dylib
0x000000003ee30000 	/usr/lib/libbsm.0.dylib
0x000000003ee30000 	/usr/lib/system/libkxld.dylib
0x000000003ee30000 	/usr/lib/libcoretls.dylib
0x000000003ee30000 	/usr/lib/libcoretls_cfhelpers.dylib
0x000000003ee30000 	/usr/lib/libOpenScriptingUtil.dylib
0x000000003ee30000 	/usr/lib/libpam.2.dylib
0x000000003ee30000 	/usr/lib/libsqlite3.dylib
0x000000003ee30000 	/usr/lib/libxar.1.dylib
0x000000003ee30000 	/usr/lib/libbz2.1.0.dylib
0x000000003ee30000 	/usr/lib/liblzma.5.dylib
0x000000003ee30000 	/usr/lib/libnetwork.dylib
0x000000003ee30000 	/usr/lib/libpcap.A.dylib
0x000000003ee30000 	/System/Library/Frameworks/CoreServices.framework/Versions/A/Frameworks/FSEvents.framework/Versions/A/FSEvents
0x000000003ee30000 	/System/Library/Frameworks/CoreServices.framework/Versions/A/Frameworks/CarbonCore.framework/Versions/A/CarbonCore
0x000000003ee30000 	/System/Library/Frameworks/CoreServices.framework/Versions/A/Frameworks/Metadata.framework/Versions/A/Metadata
0x000000003ee30000 	/System/Library/Frameworks/CoreServices.framework/Versions/A/Frameworks/OSServices.framework/Versions/A/OSServices
0x000000003ee30000 	/System/Library/Frameworks/CoreServices.framework/Versions/A/Frameworks/SearchKit.framework/Versions/A/SearchKit
0x000000003ee30000 	/System/Library/Frameworks/CoreServices.framework/Versions/A/Frameworks/AE.framework/Versions/A/AE
0x000000003ee30000 	/System/Library/Frameworks/CoreServices.framework/Versions/A/Frameworks/LaunchServices.framework/Versions/A/LaunchServices
0x000000003ee30000 	/System/Library/Frameworks/CoreServices.framework/Versions/A/Frameworks/DictionaryServices.framework/Versions/A/DictionaryServices
0x000000003ee30000 	/System/Library/Frameworks/CoreServices.framework/Versions/A/Frameworks/SharedFileList.framework/Versions/A/SharedFileList
0x000000003ee30000 	/System/Library/Frameworks/NetFS.framework/Versions/A/NetFS
0x000000003ee30000 	/System/Library/PrivateFrameworks/NetAuth.framework/Versions/A/NetAuth
0x000000003ee30000 	/System/Library/PrivateFrameworks/login.framework/Versions/A/Frameworks/loginsupport.framework/Versions/A/loginsupport
0x000000003ee30000 	/System/Library/PrivateFrameworks/TCC.framework/Versions/A/TCC
0x000000003ee30000 	/usr/lib/libmecabra.dylib
0x000000003ee30000 	/System/Library/Frameworks/ApplicationServices.framework/Versions/A/Frameworks/ATS.framework/Versions/A/ATS
0x000000003ee30000 	/System/Library/Frameworks/ApplicationServices.framework/Versions/A/Frameworks/ColorSync.framework/Versions/A/ColorSync
0x000000003ee30000 	/System/Library/Frameworks/ApplicationServices.framework/Versions/A/Frameworks/HIServices.framework/Versions/A/HIServices
0x000000003ee30000 	/System/Library/Frameworks/ApplicationServices.framework/Versions/A/Frameworks/LangAnalysis.framework/Versions/A/LangAnalysis
0x000000003ee30000 	/System/Library/Frameworks/ApplicationServices.framework/Versions/A/Frameworks/PrintCore.framework/Versions/A/PrintCore
0x000000003ee30000 	/System/Library/Frameworks/ApplicationServices.framework/Versions/A/Frameworks/QD.framework/Versions/A/QD
0x000000003ee30000 	/System/Library/Frameworks/ApplicationServices.framework/Versions/A/Frameworks/SpeechSynthesis.framework/Versions/A/SpeechSynthesis
0x000000003ee30000 	/System/Library/Frameworks/Accelerate.framework/Versions/A/Frameworks/vImage.framework/Versions/A/vImage
0x000000003ee30000 	/System/Library/Frameworks/Accelerate.framework/Versions/A/Frameworks/vecLib.framework/Versions/A/vecLib
0x000000003ee30000 	/System/Library/Frameworks/Accelerate.framework/Versions/A/Frameworks/vecLib.framework/Versions/A/libvDSP.dylib
0x000000003ee30000 	/System/Library/Frameworks/Accelerate.framework/Versions/A/Frameworks/vecLib.framework/Versions/A/libBNNS.dylib
0x000000003ee30000 	/System/Library/Frameworks/Accelerate.framework/Versions/A/Frameworks/vecLib.framework/Versions/A/libQuadrature.dylib
0x000000003ee30000 	/System/Library/Frameworks/Accelerate.framework/Versions/A/Frameworks/vecLib.framework/Versions/A/libvMisc.dylib
0x000000003ee30000 	/System/Library/Frameworks/Accelerate.framework/Versions/A/Frameworks/vecLib.framework/Versions/A/libLAPACK.dylib
0x000000003ee30000 	/System/Library/Frameworks/Accelerate.framework/Versions/A/Frameworks/vecLib.framework/Versions/A/libBLAS.dylib
0x000000003ee30000 	/System/Library/Frameworks/Accelerate.framework/Versions/A/Frameworks/vecLib.framework/Versions/A/libLinearAlgebra.dylib
0x000000003ee30000 	/System/Library/Frameworks/Accelerate.framework/Versions/A/Frameworks/vecLib.framework/Versions/A/libSparseBLAS.dylib
0x000000003ee30000 	/System/Library/Frameworks/ApplicationServices.framework/Versions/A/Frameworks/ATS.framework/Versions/A/Resources/libFontParser.dylib
0x000000003ee30000 	/System/Library/Frameworks/ApplicationServices.framework/Versions/A/Frameworks/ATS.framework/Versions/A/Resources/libFontRegistry.dylib
0x000000003ee30000 	/System/Library/Frameworks/ImageIO.framework/Versions/A/Resources/libJPEG.dylib
0x000000003ee30000 	/System/Library/Frameworks/ImageIO.framework/Versions/A/Resources/libTIFF.dylib
0x000000003ee30000 	/System/Library/Frameworks/ImageIO.framework/Versions/A/Resources/libPng.dylib
0x000000003ee30000 	/System/Library/Frameworks/ImageIO.framework/Versions/A/Resources/libGIF.dylib
0x000000003ee30000 	/System/Library/Frameworks/ImageIO.framework/Versions/A/Resources/libJP2.dylib
0x000000003ee30000 	/System/Library/Frameworks/ImageIO.framework/Versions/A/Resources/libRadiance.dylib
0x000000003ee30000 	/usr/lib/libcompression.dylib
0x000000003ee30000 	/System/Library/PrivateFrameworks/AppleJPEG.framework/Versions/A/AppleJPEG
0x000000003ee30000 	/usr/lib/libcups.2.dylib
0x000000003ee30000 	/System/Library/Frameworks/Kerberos.framework/Versions/A/Kerberos
0x000000003ee30000 	/System/Library/Frameworks/GSS.framework/Versions/A/GSS
0x000000003ee30000 	/usr/lib/libresolv.9.dylib
0x000000003ee30000 	/usr/lib/libiconv.2.dylib
0x000000003ee30000 	/System/Library/PrivateFrameworks/Heimdal.framework/Versions/A/Heimdal
0x000000003ee30000 	/usr/lib/libheimdal-asn1.dylib
0x000000003ee30000 	/System/Library/Frameworks/OpenDirectory.framework/Versions/A/OpenDirectory
0x000000003ee30000 	/System/Library/PrivateFrameworks/CommonAuth.framework/Versions/A/CommonAuth
0x000000003ee30000 	/System/Library/Frameworks/OpenDirectory.framework/Versions/A/Frameworks/CFOpenDirectory.framework/Versions/A/CFOpenDirectory
0x000000003ee30000 	/System/Library/Frameworks/SecurityFoundation.framework/Versions/A/SecurityFoundation
0x000000003ee30000 	/System/Library/PrivateFrameworks/LanguageModeling.framework/Versions/A/LanguageModeling
0x000000003ee30000 	/usr/lib/libmarisa.dylib
0x000000003ee30000 	/usr/lib/libChineseTokenizer.dylib
0x000000003ee30000 	/usr/lib/libcmph.dylib
0x000000003ee30000 	/System/Library/PrivateFrameworks/CoreEmoji.framework/Versions/A/CoreEmoji
0x000000003ee30000 	/System/Library/Frameworks/ServiceManagement.framework/Versions/A/ServiceManagement
0x000000003ee30000 	/usr/lib/libxslt.1.dylib
0x000000003ee30000 	/System/Library/Frameworks/Carbon.framework/Versions/A/Frameworks/Ink.framework/Versions/A/Ink
0x000000003ee30000 	/System/Library/PrivateFrameworks/TextureIO.framework/Versions/A/TextureIO
0x000000003ee30000 	/System/Library/Frameworks/Metal.framework/Versions/A/Metal
0x000000003ee30000 	/usr/lib/libate.dylib
0x000000003ee30000 	/System/Library/PrivateFrameworks/GPUCompiler.framework/libmetal_timestamp.dylib
0x000000003ee30000 	/System/Library/Frameworks/OpenGL.framework/Versions/A/Libraries/libCoreFSCache.dylib
0x000000003ee30000 	/System/Library/PrivateFrameworks/IOAccelerator.framework/Versions/A/IOAccelerator
0x000000003ee30000 	/System/Library/Frameworks/CoreVideo.framework/Versions/A/CoreVideo
0x000000003ee30000 	/usr/lib/libFosl_dynamic.dylib
0x000000003ee30000 	/System/Library/PrivateFrameworks/MetalPerformanceShaders.framework/Versions/A/MetalPerformanceShaders
0x000000003ee30000 	/System/Library/PrivateFrameworks/FaceCore.framework/Versions/A/FaceCore
0x000000003ee30000 	/System/Library/Frameworks/OpenCL.framework/Versions/A/OpenCL
0x000000003ee30000 	/System/Library/Frameworks/OpenGL.framework/Versions/A/Libraries/libGLU.dylib
0x000000003ee30000 	/System/Library/Frameworks/OpenGL.framework/Versions/A/Libraries/libGFXShared.dylib
0x000000003ee30000 	/System/Library/Frameworks/OpenGL.framework/Versions/A/Libraries/libGL.dylib
0x000000003ee30000 	/System/Library/Frameworks/OpenGL.framework/Versions/A/Libraries/libGLImage.dylib
0x000000003ee30000 	/System/Library/Frameworks/OpenGL.framework/Versions/A/Libraries/libCVMSPluginSupport.dylib
0x000000003ee30000 	/System/Library/Frameworks/OpenGL.framework/Versions/A/Libraries/libCoreVMClient.dylib
0x000000003ee30000 	/System/Library/PrivateFrameworks/CrashReporterSupport.framework/Versions/A/CrashReporterSupport
0x000000003ee30000 	/System/Library/PrivateFrameworks/Sharing.framework/Versions/A/Sharing
0x000000003ee30000 	/System/Library/PrivateFrameworks/IconServices.framework/Versions/A/IconServices
0x000000003ee30000 	/System/Library/PrivateFrameworks/ProtocolBuffer.framework/Versions/A/ProtocolBuffer
0x000000003ee30000 	/System/Library/PrivateFrameworks/Apple80211.framework/Versions/A/Apple80211
0x000000003ee30000 	/System/Library/Frameworks/CoreWLAN.framework/Versions/A/CoreWLAN
0x000000003ee30000 	/System/Library/PrivateFrameworks/CoreUtils.framework/Versions/A/CoreUtils
0x000000003ee30000 	/System/Library/Frameworks/IOBluetooth.framework/Versions/A/IOBluetooth
0x000000003ee30000 	/System/Library/PrivateFrameworks/CoreWiFi.framework/Versions/A/CoreWiFi
0x000000003ee30000 	/System/Library/Frameworks/CoreBluetooth.framework/Versions/A/CoreBluetooth
0x000000003ee30000 	/System/Library/Frameworks/CoreDisplay.framework/Versions/A/CoreDisplay
0x000000003ee30000 	/System/Library/PrivateFrameworks/IOPresentment.framework/Versions/A/IOPresentment
0x000000003ee30000 	/System/Library/PrivateFrameworks/DSExternalDisplay.framework/Versions/A/DSExternalDisplay
0x000000003ee30000 	/System/Library/PrivateFrameworks/DebugSymbols.framework/Versions/A/DebugSymbols
0x000000003ee30000 	/System/Library/PrivateFrameworks/CoreSymbolication.framework/Versions/A/CoreSymbolication
0x000000003ee30000 	/System/Library/PrivateFrameworks/Symbolication.framework/Versions/A/Symbolication
0x000000003ee30000 	/System/Library/PrivateFrameworks/AppleFSCompression.framework/Versions/A/AppleFSCompression
0x000000003ee30000 	/System/Library/PrivateFrameworks/SpeechRecognitionCore.framework/Versions/A/SpeechRecognitionCore
0x000000003ee30000 	/System/Library/PrivateFrameworks/ChunkingLibrary.framework/Versions/A/ChunkingLibrary
0x000000010886a000 	/System/Library/CoreServices/Encodings/libSimplifiedChineseConverter.dylib
0x0000000109a00000 	/Library/Java/JavaVirtualMachines/jdk1.8.0_121.jdk/Contents/Home/jre/lib/server/libjvm.dylib
0x000000003ee30000 	/usr/lib/libstdc++.6.dylib
0x00000001088e0000 	/Library/Java/JavaVirtualMachines/jdk1.8.0_121.jdk/Contents/Home/jre/lib/libverify.dylib
0x00000001088ee000 	/Library/Java/JavaVirtualMachines/jdk1.8.0_121.jdk/Contents/Home/jre/lib/libjava.dylib
0x000000010892d000 	/Library/Java/JavaVirtualMachines/jdk1.8.0_121.jdk/Contents/Home/jre/lib/libzip.dylib
0x00000001089e1000 	/System/Library/Frameworks/JavaVM.framework/Frameworks/JavaRuntimeSupport.framework/JavaRuntimeSupport
0x000000010e585000 	/System/Library/Frameworks/JavaVM.framework/Versions/A/Frameworks/JavaNativeFoundation.framework/Versions/A/JavaNativeFoundation
0x000000010e59a000 	/System/Library/Frameworks/JavaVM.framework/Versions/A/JavaVM
0x000000003ee30000 	/System/Library/Frameworks/Carbon.framework/Versions/A/Carbon
0x000000010e5a7000 	/System/Library/PrivateFrameworks/JavaLaunching.framework/Versions/A/JavaLaunching
0x000000003ee30000 	/System/Library/Frameworks/Carbon.framework/Versions/A/Frameworks/CommonPanels.framework/Versions/A/CommonPanels
0x000000003ee30000 	/System/Library/Frameworks/Carbon.framework/Versions/A/Frameworks/Help.framework/Versions/A/Help
0x000000003ee30000 	/System/Library/Frameworks/Carbon.framework/Versions/A/Frameworks/ImageCapture.framework/Versions/A/ImageCapture
0x000000003ee30000 	/System/Library/Frameworks/Carbon.framework/Versions/A/Frameworks/OpenScripting.framework/Versions/A/OpenScripting
0x000000003ee30000 	/System/Library/Frameworks/Carbon.framework/Versions/A/Frameworks/Print.framework/Versions/A/Print
0x000000003ee30000 	/System/Library/Frameworks/Carbon.framework/Versions/A/Frameworks/SecurityHI.framework/Versions/A/SecurityHI
0x0000000127413000 	/Library/Java/JavaVirtualMachines/jdk1.8.0_121.jdk/Contents/Home/jre/lib/libprism_es2.dylib
0x0000000127475000 	/System/Library/Frameworks/OpenGL.framework/Resources/GLEngine.bundle/GLEngine
0x000000003ee30000 	/System/Library/Frameworks/OpenGL.framework/Versions/A/Libraries/libGLProgrammability.dylib
0x000000012765a000 	/System/Library/Extensions/AppleIntelSKLGraphicsGLDriver.bundle/Contents/MacOS/AppleIntelSKLGraphicsGLDriver
0x000000003ee30000 	/System/Library/PrivateFrameworks/GPUSupport.framework/Versions/A/Libraries/libGPUSupportMercury.dylib
0x00000001283e1000 	/System/Library/Extensions/AMDRadeonX4000GLDriver.bundle/Contents/MacOS/AMDRadeonX4000GLDriver
0x00000001284c1000 	/System/Library/Extensions/AMDRadeonX4000GLDriver.bundle/Contents/MacOS/ATIRadeonX4000SCLib.dylib
0x0000000128aa0000 	/System/Library/Frameworks/OpenGL.framework/Resources//GLRendererFloat.bundle/GLRendererFloat
0x000000003ee30000 	/System/Library/Frameworks/OpenCL.framework/Versions/A/Libraries/libcldcpuengine.dylib
0x000000003ee30000 	/usr/lib/libcrypto.0.9.8.dylib
0x000000003ee30000 	/System/Library/PrivateFrameworks/TrustEvaluationAgent.framework/Versions/A/TrustEvaluationAgent
0x0000000128b27000 	/Library/Java/JavaVirtualMachines/jdk1.8.0_121.jdk/Contents/Home/jre/lib/libglass.dylib
0x000000003ee30000 	/System/Library/PrivateFrameworks/CoreServicesInternal.framework/Versions/A/CoreServicesInternal
0x000000003ee30000 	/System/Library/CoreServices/RawCamera.bundle/Contents/MacOS/RawCamera
0x000000003ee30000 	/System/Library/Frameworks/Accelerate.framework/Versions/A/Frameworks/vImage.framework/Versions/A/Libraries/libCGInterfaces.dylib
0x000000003ee30000 	/System/Library/PrivateFrameworks/FamilyControls.framework/Versions/A/FamilyControls
0x000000003ee30000 	/System/Library/PrivateFrameworks/CommerceKit.framework/Versions/A/Frameworks/CommerceCore.framework/Versions/A/CommerceCore
0x000000003ee30000 	/System/Library/PrivateFrameworks/SystemAdministration.framework/Versions/A/SystemAdministration
0x000000003ee30000 	/System/Library/PrivateFrameworks/AppContainer.framework/Versions/A/AppContainer
0x000000003ee30000 	/System/Library/PrivateFrameworks/SecCodeWrapper.framework/Versions/A/SecCodeWrapper
0x000000003ee30000 	/System/Library/Frameworks/DirectoryService.framework/Versions/A/DirectoryService
0x000000003ee30000 	/System/Library/PrivateFrameworks/DiskImages.framework/Versions/A/DiskImages
0x000000003ee30000 	/System/Library/PrivateFrameworks/LoginUIKit.framework/Versions/A/Frameworks/LoginUICore.framework/Versions/A/LoginUICore
0x000000003ee30000 	/usr/lib/libCoreStorage.dylib
0x000000003ee30000 	/usr/lib/libcsfde.dylib
0x000000003ee30000 	/usr/lib/libodfde.dylib
0x000000003ee30000 	/System/Library/Frameworks/DiscRecording.framework/Versions/A/DiscRecording
0x000000003ee30000 	/usr/lib/libcurl.4.dylib
0x000000003ee30000 	/System/Library/PrivateFrameworks/MediaKit.framework/Versions/A/MediaKit
0x000000003ee30000 	/System/Library/PrivateFrameworks/ProtectedCloudStorage.framework/Versions/A/ProtectedCloudStorage
0x000000003ee30000 	/System/Library/PrivateFrameworks/EFILogin.framework/Versions/A/EFILogin
0x000000003ee30000 	/usr/lib/libutil.dylib
0x000000003ee30000 	/System/Library/Frameworks/LDAP.framework/Versions/A/LDAP
0x000000003ee30000 	/usr/lib/libsasl2.2.dylib
0x000000003ee30000 	/System/Library/PrivateFrameworks/CoreDaemon.framework/Versions/B/CoreDaemon
0x000000003ee30000 	/System/Library/PrivateFrameworks/AppleSRP.framework/Versions/A/AppleSRP
0x000000003ee30000 	/System/Library/PrivateFrameworks/APFS.framework/Versions/A/APFS
0x000000012c686000 	/Library/Java/Extensions/libopencv_java330.dylib
0x00000001324fc000 	/usr/local/opt/ffmpeg/lib/libavcodec.57.dylib
0x00000001337f2000 	/usr/local/opt/ffmpeg/lib/libavformat.57.dylib
0x000000013399e000 	/usr/local/opt/ffmpeg/lib/libavutil.55.dylib
0x0000000133a04000 	/usr/local/opt/ffmpeg/lib/libswscale.4.dylib
0x00000001291fe000 	/usr/local/opt/ffmpeg/lib/libavresample.3.dylib
0x0000000129095000 	/System/Library/Frameworks/VideoDecodeAcceleration.framework/Versions/A/VideoDecodeAcceleration
0x000000003ee30000 	/System/Library/Frameworks/AVFoundation.framework/Versions/A/AVFoundation
0x000000003ee30000 	/System/Library/Frameworks/CoreMedia.framework/Versions/A/CoreMedia
0x0000000133a84000 	/usr/local/Cellar/ffmpeg/3.3.4/lib/libswresample.2.dylib
0x000000003ee30000 	/System/Library/Frameworks/VideoToolbox.framework/Versions/A/VideoToolbox
0x0000000133aa4000 	/usr/local/opt/x264/lib/libx264.148.dylib
0x0000000133c13000 	/usr/local/opt/lame/lib/libmp3lame.0.dylib
0x000000003ee30000 	/System/Library/Frameworks/AVFoundation.framework/Versions/A/Frameworks/AVFAudio.framework/Versions/A/AVFAudio
0x000000003ee30000 	/System/Library/Frameworks/MediaToolbox.framework/Versions/A/MediaToolbox
0x000000003ee30000 	/System/Library/PrivateFrameworks/IntlPreferences.framework/Versions/A/IntlPreferences
0x000000003ee30000 	/System/Library/Frameworks/CoreMediaIO.framework/Versions/A/CoreMediaIO
0x000000003ee30000 	/usr/lib/libspindump.dylib
0x000000003ee30000 	/usr/lib/libdscsym.dylib
0x000000003ee30000 	/System/Library/PrivateFrameworks/CoreAVCHD.framework/Versions/A/CoreAVCHD
0x000000003ee30000 	/System/Library/Frameworks/MediaAccessibility.framework/Versions/A/MediaAccessibility
0x000000003ee30000 	/System/Library/PrivateFrameworks/Mangrove.framework/Versions/A/Mangrove
0x000000003ee30000 	/System/Library/PrivateFrameworks/CoreAUC.framework/Versions/A/CoreAUC
0x000000003ee30000 	/System/Library/PrivateFrameworks/AppleVA.framework/Versions/A/AppleVA
0x000000003ee30000 	/System/Library/PrivateFrameworks/XPCService.framework/Versions/A/XPCService
0x000000003ee30000 	/System/Library/PrivateFrameworks/AppSandbox.framework/Versions/A/AppSandbox
0x000000003ee30000 	/usr/lib/libsandbox.1.dylib
0x000000003ee30000 	/usr/lib/libMatch.1.dylib
0x000000012909b000 	/Library/Java/JavaVirtualMachines/jdk1.8.0_121.jdk/Contents/Home/jre/lib/libjavafx_font.dylib
0x000000003ee30000 	/System/Library/Frameworks/ApplicationServices.framework/Versions/A/Frameworks/ATS.framework/Versions/A/Resources/libTrueTypeScaler.dylib
0x000000003ee30000 	/System/Library/Extensions/AMDMTLBronzeDriver.bundle/Contents/MacOS/AMDMTLBronzeDriver
0x000000003ee30000 	/System/Library/PrivateFrameworks/IOAccelMemoryInfo.framework/Versions/A/IOAccelMemoryInfo
0x00000001373f1000 	/System/Library/Extensions/AppleIntelSKLGraphicsMTLDriver.bundle/Contents/MacOS/AppleIntelSKLGraphicsMTLDriver
0x0000000137528000 	/Library/Java/JavaVirtualMachines/jdk1.8.0_121.jdk/Contents/Home/jre/lib/libprism_common.dylib
0x000000003ee30000 	/System/Library/PrivateFrameworks/ViewBridge.framework/Versions/A/ViewBridge
0x0000000129d43000 	/System/Library/Extensions/AppleHDA.kext/Contents/PlugIns/AppleHDAHALPlugIn.bundle/Contents/MacOS/AppleHDAHALPlugIn
0x0000000129d4d000 	/System/Library/Frameworks/CoreMediaIO.framework/Resources/VDC.plugin/Contents/MacOS/VDC
0x0000000139f27000 	/System/Library/Frameworks/CoreMediaIO.framework/Resources/CMIOUnits.bundle/Contents/MacOS/CMIOUnits
0x0000000129d7e000 	/System/Library/PrivateFrameworks/FWAVC.framework/Versions/A/FWAVC
0x000000003ee30000 	/System/Library/PrivateFrameworks/AppleGVA.framework/Versions/A/AppleGVA
0x000000013a195000 	/Library/Java/JavaVirtualMachines/jdk1.8.0_121.jdk/Contents/Home/jre/lib/libawt.dylib
0x000000013aec7000 	/Library/Java/JavaVirtualMachines/jdk1.8.0_121.jdk/Contents/Home/jre/lib/./libmlib_image.dylib
0x000000013b156000 	/Library/Java/JavaVirtualMachines/jdk1.8.0_121.jdk/Contents/Home/jre/lib/libawt_lwawt.dylib
0x0000000129dc2000 	/Library/Java/JavaVirtualMachines/jdk1.8.0_121.jdk/Contents/Home/jre/lib/./libosxapp.dylib
0x000000003ee30000 	/System/Library/Frameworks/ExceptionHandling.framework/Versions/A/ExceptionHandling

VM Arguments:
jvm_args: -Dfile.encoding=UTF-8 
java_command: /Users/chenjiaxin/Desktop/cmu1/java/team/teamProj/dist/run148531419/teamProj.jar
java_class_path (initial): /Users/chenjiaxin/Desktop/cmu1/java/team/teamProj/dist/run148531419/teamProj.jar
Launcher Type: SUN_STANDARD

Environment Variables:
PATH=/usr/bin:/bin:/usr/sbin:/sbin
LD_LIBRARY_PATH=/Library/Java/JavaVirtualMachines/jdk1.8.0_121.jdk/Contents/Home/jre/lib/amd64:/Library/Java/JavaVirtualMachines/jdk1.8.0_121.jdk/Contents/Home/jre/lib/i386:
SHELL=/bin/zsh
DISPLAY=/private/tmp/com.apple.launchd.GlW0wmDOOH/org.macosforge.xquartz:0

Signal Handlers:
SIGSEGV: [libjvm.dylib+0x5b1141], sa_mask[0]=11111111011111110111111111111111, sa_flags=SA_ONSTACK|SA_RESTART|SA_SIGINFO
SIGBUS: [libjvm.dylib+0x5b1141], sa_mask[0]=11111111011111110111111111111111, sa_flags=SA_RESTART|SA_SIGINFO
SIGFPE: [libjvm.dylib+0x487bc4], sa_mask[0]=11111111011111110111111111111111, sa_flags=SA_RESTART|SA_SIGINFO
SIGPIPE: [libjvm.dylib+0x487bc4], sa_mask[0]=11111111011111110111111111111111, sa_flags=SA_RESTART|SA_SIGINFO
SIGXFSZ: [libjvm.dylib+0x487bc4], sa_mask[0]=11111111011111110111111111111111, sa_flags=SA_RESTART|SA_SIGINFO
SIGILL: [libjvm.dylib+0x487bc4], sa_mask[0]=11111111011111110111111111111111, sa_flags=SA_RESTART|SA_SIGINFO
SIGUSR1: SIG_DFL, sa_mask[0]=00000000000000000000000000000000, sa_flags=none
SIGUSR2: [libjvm.dylib+0x4876e2], sa_mask[0]=00100000000000000000000000000000, sa_flags=SA_RESTART|SA_SIGINFO
SIGHUP: [libjvm.dylib+0x485cb9], sa_mask[0]=11111111011111110111111111111111, sa_flags=SA_RESTART|SA_SIGINFO
SIGINT: SIG_IGN, sa_mask[0]=00000000000000000000000000000000, sa_flags=none
SIGTERM: [libjvm.dylib+0x485cb9], sa_mask[0]=11111111011111110111111111111111, sa_flags=SA_RESTART|SA_SIGINFO
SIGQUIT: [libjvm.dylib+0x485cb9], sa_mask[0]=11111111011111110111111111111111, sa_flags=SA_RESTART|SA_SIGINFO


---------------  S Y S T E M  ---------------

OS:Bsduname:Darwin 16.7.0 Darwin Kernel Version 16.7.0: Thu Jun 15 17:36:27 PDT 2017; root:xnu-3789.70.16~2/RELEASE_X86_64 x86_64
rlimit: STACK 8192k, CORE 0k, NPROC 709, NOFILE 10240, AS infinity
load average:1.96 1.98 1.83

CPU:total 8 (4 cores per cpu, 2 threads per core) family 6 model 94 stepping 3, cmov, cx8, fxsr, mmx, sse, sse2, sse3, ssse3, sse4.1, sse4.2, popcnt, avx, avx2, aes, clmul, erms, rtm, 3dnowpref, lzcnt, ht, tsc, tscinvbit, bmi1, bmi2, adx

Memory: 4k page, physical 16777216k(771200k free)

/proc/meminfo:


vm_info: Java HotSpot(TM) 64-Bit Server VM (25.121-b13) for bsd-amd64 JRE (1.8.0_121-b13), built on Dec 12 2016 20:39:32 by "java_re" with gcc 4.2.1 (Based on Apple Inc. build 5658) (LLVM build 2336.11.00)

time: Mon Oct 16 13:13:50 2017
elapsed time: 38 seconds (0d 0h 0m 38s)

